 [LOGGER] 2023-12-06 12:42:19.165 AM error : controllers/user.controller.js:setUser - connect ECONNREFUSED 74.125.24.109:465
 [LOGGER] 2023-12-06 12:42:19.169 AM error : uncaughtException: Cannot set headers after they are sent to the client
Error [ERR_HTTP_HEADERS_SENT]: Cannot set headers after they are sent to the client
    at new NodeError (node:internal/errors:405:5)
    at ServerResponse.setHeader (node:_http_outgoing:648:11)
    at ServerResponse.header (/Users/muh.firdaus/Documents/Daus/SIB Dicoding/Capstone/kasa-talk-api-v1/node_modules/express/lib/response.js:794:10)
    at ServerResponse.send (/Users/muh.firdaus/Documents/Daus/SIB Dicoding/Capstone/kasa-talk-api-v1/node_modules/express/lib/response.js:174:12)
    at ServerResponse.json (/Users/muh.firdaus/Documents/Daus/SIB Dicoding/Capstone/kasa-talk-api-v1/node_modules/express/lib/response.js:278:15)
    at setUser (/Users/muh.firdaus/Documents/Daus/SIB Dicoding/Capstone/kasa-talk-api-v1/src/controllers/user.controller.js:148:28)
    at process.processTicksAndRejections (node:internal/process/task_queues:95:5)
 [LOGGER] 2023-12-06 01:32:21.269 AM error : controllers/userController.js:updateAvatarUser - uuid is not a function
 [LOGGER] 2023-12-06 01:46:12.330 AM error : uncaughtException: Unexpected token ')'
/Users/muh.firdaus/Documents/Daus/SIB Dicoding/Capstone/kasa-talk-api-v1/src/controllers/user.controller.js:575
    const blob = bucket.file);
                            ^

SyntaxError: Unexpected token ')'
    at internalCompileFunction (node:internal/vm:73:18)
    at wrapSafe (node:internal/modules/cjs/loader:1178:20)
    at Module._compile (node:internal/modules/cjs/loader:1220:27)
    at Module._extensions..js (node:internal/modules/cjs/loader:1310:10)
    at Module.load (node:internal/modules/cjs/loader:1119:32)
    at Module._load (node:internal/modules/cjs/loader:960:12)
    at Module.require (node:internal/modules/cjs/loader:1143:19)
    at require (node:internal/modules/cjs/helpers:119:18)
    at Object.<anonymous> (/Users/muh.firdaus/Documents/Daus/SIB Dicoding/Capstone/kasa-talk-api-v1/src/routes/user.route.js:12:5)
    at Module._compile (node:internal/modules/cjs/loader:1256:14)
 [LOGGER] 2023-12-06 01:48:19.011 AM error : uncaughtException: Unexpected token ','
/Users/muh.firdaus/Documents/Daus/SIB Dicoding/Capstone/kasa-talk-api-v1/src/controllers/user.controller.js:566
        firebaseStorageDownloadTokens: ,
                                       ^

SyntaxError: Unexpected token ','
    at internalCompileFunction (node:internal/vm:73:18)
    at wrapSafe (node:internal/modules/cjs/loader:1178:20)
    at Module._compile (node:internal/modules/cjs/loader:1220:27)
    at Module._extensions..js (node:internal/modules/cjs/loader:1310:10)
    at Module.load (node:internal/modules/cjs/loader:1119:32)
    at Module._load (node:internal/modules/cjs/loader:960:12)
    at Module.require (node:internal/modules/cjs/loader:1143:19)
    at require (node:internal/modules/cjs/helpers:119:18)
    at Object.<anonymous> (/Users/muh.firdaus/Documents/Daus/SIB Dicoding/Capstone/kasa-talk-api-v1/src/routes/user.route.js:12:5)
    at Module._compile (node:internal/modules/cjs/loader:1256:14)
 [LOGGER] 2023-12-06 01:52:13.206 AM error : uncaughtException: updateAvatarUser is not defined
ReferenceError: updateAvatarUser is not defined
    at Object.<anonymous> (/Users/muh.firdaus/Documents/Daus/SIB Dicoding/Capstone/kasa-talk-api-v1/src/controllers/user.controller.js:549:3)
    at Module._compile (node:internal/modules/cjs/loader:1256:14)
    at Module._extensions..js (node:internal/modules/cjs/loader:1310:10)
    at Module.load (node:internal/modules/cjs/loader:1119:32)
    at Module._load (node:internal/modules/cjs/loader:960:12)
    at Module.require (node:internal/modules/cjs/loader:1143:19)
    at require (node:internal/modules/cjs/helpers:119:18)
    at Object.<anonymous> (/Users/muh.firdaus/Documents/Daus/SIB Dicoding/Capstone/kasa-talk-api-v1/src/routes/user.route.js:12:5)
    at Module._compile (node:internal/modules/cjs/loader:1256:14)
    at Module._extensions..js (node:internal/modules/cjs/loader:1310:10)
 [LOGGER] 2023-12-06 02:15:04.819 AM error : uncaughtException: Transaction cannot be rolled back because it has been finished with state: commit
Error: Transaction cannot be rolled back because it has been finished with state: commit
    at Transaction.rollback (/Users/muh.firdaus/Documents/Daus/SIB Dicoding/Capstone/kasa-talk-api-v1/node_modules/sequelize/lib/transaction.js:59:13)
    at setUser (/Users/muh.firdaus/Documents/Daus/SIB Dicoding/Capstone/kasa-talk-api-v1/src/controllers/user.controller.js:149:23)
    at process.processTicksAndRejections (node:internal/process/task_queues:95:5)
 [LOGGER] 2023-12-06 02:18:14.169 AM error : controllers/user.controller.js:setUser - moment(...).format(...).utcOffset is not a function
 [LOGGER] 2023-12-06 02:18:14.185 AM error : uncaughtException: Cannot set headers after they are sent to the client
Error [ERR_HTTP_HEADERS_SENT]: Cannot set headers after they are sent to the client
    at new NodeError (node:internal/errors:405:5)
    at ServerResponse.setHeader (node:_http_outgoing:648:11)
    at ServerResponse.header (/Users/muh.firdaus/Documents/Daus/SIB Dicoding/Capstone/kasa-talk-api-v1/node_modules/express/lib/response.js:794:10)
    at ServerResponse.send (/Users/muh.firdaus/Documents/Daus/SIB Dicoding/Capstone/kasa-talk-api-v1/node_modules/express/lib/response.js:174:12)
    at ServerResponse.json (/Users/muh.firdaus/Documents/Daus/SIB Dicoding/Capstone/kasa-talk-api-v1/node_modules/express/lib/response.js:278:15)
    at setUser (/Users/muh.firdaus/Documents/Daus/SIB Dicoding/Capstone/kasa-talk-api-v1/src/controllers/user.controller.js:153:28)
    at process.processTicksAndRejections (node:internal/process/task_queues:95:5)
 [LOGGER] 2023-12-06 02:18:56.790 AM error : uncaughtException: Unexpected token ','
/Users/muh.firdaus/Documents/Daus/SIB Dicoding/Capstone/kasa-talk-api-v1/src/controllers/user.controller.js:145
        expireTime: new,
                       ^

SyntaxError: Unexpected token ','
    at internalCompileFunction (node:internal/vm:73:18)
    at wrapSafe (node:internal/modules/cjs/loader:1178:20)
    at Module._compile (node:internal/modules/cjs/loader:1220:27)
    at Module._extensions..js (node:internal/modules/cjs/loader:1310:10)
    at Module.load (node:internal/modules/cjs/loader:1119:32)
    at Module._load (node:internal/modules/cjs/loader:960:12)
    at Module.require (node:internal/modules/cjs/loader:1143:19)
    at require (node:internal/modules/cjs/helpers:119:18)
    at Object.<anonymous> (/Users/muh.firdaus/Documents/Daus/SIB Dicoding/Capstone/kasa-talk-api-v1/src/routes/user.route.js:12:5)
    at Module._compile (node:internal/modules/cjs/loader:1256:14)
 [LOGGER] 2023-12-06 02:21:05.972 AM error : uncaughtException: Unexpected token ','
/Users/muh.firdaus/Documents/Daus/SIB Dicoding/Capstone/kasa-talk-api-v1/src/controllers/user.controller.js:141
        expireTime: newUser.expireTime.,
                                       ^

SyntaxError: Unexpected token ','
    at internalCompileFunction (node:internal/vm:73:18)
    at wrapSafe (node:internal/modules/cjs/loader:1178:20)
    at Module._compile (node:internal/modules/cjs/loader:1220:27)
    at Module._extensions..js (node:internal/modules/cjs/loader:1310:10)
    at Module.load (node:internal/modules/cjs/loader:1119:32)
    at Module._load (node:internal/modules/cjs/loader:960:12)
    at Module.require (node:internal/modules/cjs/loader:1143:19)
    at require (node:internal/modules/cjs/helpers:119:18)
    at Object.<anonymous> (/Users/muh.firdaus/Documents/Daus/SIB Dicoding/Capstone/kasa-talk-api-v1/src/routes/user.route.js:12:5)
    at Module._compile (node:internal/modules/cjs/loader:1256:14)
 [LOGGER] 2023-12-06 02:23:13.917 AM error : uncaughtException: Unexpected token ','
/Users/muh.firdaus/Documents/Daus/SIB Dicoding/Capstone/kasa-talk-api-v1/src/models/user.js:61
        defaultValue: ,
                      ^

SyntaxError: Unexpected token ','
    at internalCompileFunction (node:internal/vm:73:18)
    at wrapSafe (node:internal/modules/cjs/loader:1178:20)
    at Module._compile (node:internal/modules/cjs/loader:1220:27)
    at Module._extensions..js (node:internal/modules/cjs/loader:1310:10)
    at Module.load (node:internal/modules/cjs/loader:1119:32)
    at Module._load (node:internal/modules/cjs/loader:960:12)
    at Module.require (node:internal/modules/cjs/loader:1143:19)
    at require (node:internal/modules/cjs/helpers:119:18)
    at /Users/muh.firdaus/Documents/Daus/SIB Dicoding/Capstone/kasa-talk-api-v1/src/models/index.js:29:19
    at Array.forEach (<anonymous>)
 [LOGGER] 2023-12-06 02:24:23.647 AM error : uncaughtException: Unexpected token ','
/Users/muh.firdaus/Documents/Daus/SIB Dicoding/Capstone/kasa-talk-api-v1/src/models/user.js:61
        defaultValue: ,
                      ^

SyntaxError: Unexpected token ','
    at internalCompileFunction (node:internal/vm:73:18)
    at wrapSafe (node:internal/modules/cjs/loader:1178:20)
    at Module._compile (node:internal/modules/cjs/loader:1220:27)
    at Module._extensions..js (node:internal/modules/cjs/loader:1310:10)
    at Module.load (node:internal/modules/cjs/loader:1119:32)
    at Module._load (node:internal/modules/cjs/loader:960:12)
    at Module.require (node:internal/modules/cjs/loader:1143:19)
    at require (node:internal/modules/cjs/helpers:119:18)
    at /Users/muh.firdaus/Documents/Daus/SIB Dicoding/Capstone/kasa-talk-api-v1/src/models/index.js:29:19
    at Array.forEach (<anonymous>)
 [LOGGER] 2023-12-06 02:25:16.544 AM error : uncaughtException: Unexpected token ','
/Users/muh.firdaus/Documents/Daus/SIB Dicoding/Capstone/kasa-talk-api-v1/src/models/user.js:61
        defaultValue: ,
                      ^

SyntaxError: Unexpected token ','
    at internalCompileFunction (node:internal/vm:73:18)
    at wrapSafe (node:internal/modules/cjs/loader:1178:20)
    at Module._compile (node:internal/modules/cjs/loader:1220:27)
    at Module._extensions..js (node:internal/modules/cjs/loader:1310:10)
    at Module.load (node:internal/modules/cjs/loader:1119:32)
    at Module._load (node:internal/modules/cjs/loader:960:12)
    at Module.require (node:internal/modules/cjs/loader:1143:19)
    at require (node:internal/modules/cjs/helpers:119:18)
    at /Users/muh.firdaus/Documents/Daus/SIB Dicoding/Capstone/kasa-talk-api-v1/src/models/index.js:29:19
    at Array.forEach (<anonymous>)
 [LOGGER] 2023-12-06 02:25:17.807 AM error : uncaughtException: Unexpected token ','
/Users/muh.firdaus/Documents/Daus/SIB Dicoding/Capstone/kasa-talk-api-v1/src/models/user.js:61
        defaultValue: ,
                      ^

SyntaxError: Unexpected token ','
    at internalCompileFunction (node:internal/vm:73:18)
    at wrapSafe (node:internal/modules/cjs/loader:1178:20)
    at Module._compile (node:internal/modules/cjs/loader:1220:27)
    at Module._extensions..js (node:internal/modules/cjs/loader:1310:10)
    at Module.load (node:internal/modules/cjs/loader:1119:32)
    at Module._load (node:internal/modules/cjs/loader:960:12)
    at Module.require (node:internal/modules/cjs/loader:1143:19)
    at require (node:internal/modules/cjs/helpers:119:18)
    at /Users/muh.firdaus/Documents/Daus/SIB Dicoding/Capstone/kasa-talk-api-v1/src/models/index.js:29:19
    at Array.forEach (<anonymous>)
 [LOGGER] 2023-12-06 02:25:24.416 AM error : uncaughtException: Unexpected token ','
/Users/muh.firdaus/Documents/Daus/SIB Dicoding/Capstone/kasa-talk-api-v1/src/models/user.js:61
        defaultValue: ,
                      ^

SyntaxError: Unexpected token ','
    at internalCompileFunction (node:internal/vm:73:18)
    at wrapSafe (node:internal/modules/cjs/loader:1178:20)
    at Module._compile (node:internal/modules/cjs/loader:1220:27)
    at Module._extensions..js (node:internal/modules/cjs/loader:1310:10)
    at Module.load (node:internal/modules/cjs/loader:1119:32)
    at Module._load (node:internal/modules/cjs/loader:960:12)
    at Module.require (node:internal/modules/cjs/loader:1143:19)
    at require (node:internal/modules/cjs/helpers:119:18)
    at /Users/muh.firdaus/Documents/Daus/SIB Dicoding/Capstone/kasa-talk-api-v1/src/models/index.js:29:19
    at Array.forEach (<anonymous>)
 [LOGGER] 2023-12-06 02:25:27.930 AM error : uncaughtException: Unexpected token ','
/Users/muh.firdaus/Documents/Daus/SIB Dicoding/Capstone/kasa-talk-api-v1/src/models/user.js:61
        defaultValue: ,
                      ^

SyntaxError: Unexpected token ','
    at internalCompileFunction (node:internal/vm:73:18)
    at wrapSafe (node:internal/modules/cjs/loader:1178:20)
    at Module._compile (node:internal/modules/cjs/loader:1220:27)
    at Module._extensions..js (node:internal/modules/cjs/loader:1310:10)
    at Module.load (node:internal/modules/cjs/loader:1119:32)
    at Module._load (node:internal/modules/cjs/loader:960:12)
    at Module.require (node:internal/modules/cjs/loader:1143:19)
    at require (node:internal/modules/cjs/helpers:119:18)
    at /Users/muh.firdaus/Documents/Daus/SIB Dicoding/Capstone/kasa-talk-api-v1/src/models/index.js:29:19
    at Array.forEach (<anonymous>)
 [LOGGER] 2023-12-06 02:25:33.458 AM error : uncaughtException: Unexpected token ','
/Users/muh.firdaus/Documents/Daus/SIB Dicoding/Capstone/kasa-talk-api-v1/src/models/user.js:61
        defaultValue: ,
                      ^

SyntaxError: Unexpected token ','
    at internalCompileFunction (node:internal/vm:73:18)
    at wrapSafe (node:internal/modules/cjs/loader:1178:20)
    at Module._compile (node:internal/modules/cjs/loader:1220:27)
    at Module._extensions..js (node:internal/modules/cjs/loader:1310:10)
    at Module.load (node:internal/modules/cjs/loader:1119:32)
    at Module._load (node:internal/modules/cjs/loader:960:12)
    at Module.require (node:internal/modules/cjs/loader:1143:19)
    at require (node:internal/modules/cjs/helpers:119:18)
    at /Users/muh.firdaus/Documents/Daus/SIB Dicoding/Capstone/kasa-talk-api-v1/src/models/index.js:29:19
    at Array.forEach (<anonymous>)
 [LOGGER] 2023-12-06 02:25:41.535 AM error : uncaughtException: allowNull is not defined
ReferenceError: allowNull is not defined
    at module.exports (/Users/muh.firdaus/Documents/Daus/SIB Dicoding/Capstone/kasa-talk-api-v1/src/models/user.js:61:9)
    at /Users/muh.firdaus/Documents/Daus/SIB Dicoding/Capstone/kasa-talk-api-v1/src/models/index.js:29:54
    at Array.forEach (<anonymous>)
    at Object.<anonymous> (/Users/muh.firdaus/Documents/Daus/SIB Dicoding/Capstone/kasa-talk-api-v1/src/models/index.js:27:4)
    at Module._compile (node:internal/modules/cjs/loader:1256:14)
    at Module._extensions..js (node:internal/modules/cjs/loader:1310:10)
    at Module.load (node:internal/modules/cjs/loader:1119:32)
    at Module._load (node:internal/modules/cjs/loader:960:12)
    at Module.require (node:internal/modules/cjs/loader:1143:19)
    at require (node:internal/modules/cjs/helpers:119:18)
 [LOGGER] 2023-12-06 02:26:14.557 AM error : uncaughtException: Unexpected token '}'
/Users/muh.firdaus/Documents/Daus/SIB Dicoding/Capstone/kasa-talk-api-v1/src/controllers/user.controller.js:107
      },
      ^

SyntaxError: Unexpected token '}'
    at internalCompileFunction (node:internal/vm:73:18)
    at wrapSafe (node:internal/modules/cjs/loader:1178:20)
    at Module._compile (node:internal/modules/cjs/loader:1220:27)
    at Module._extensions..js (node:internal/modules/cjs/loader:1310:10)
    at Module.load (node:internal/modules/cjs/loader:1119:32)
    at Module._load (node:internal/modules/cjs/loader:960:12)
    at Module.require (node:internal/modules/cjs/loader:1143:19)
    at require (node:internal/modules/cjs/helpers:119:18)
    at Object.<anonymous> (/Users/muh.firdaus/Documents/Daus/SIB Dicoding/Capstone/kasa-talk-api-v1/src/routes/user.route.js:12:5)
    at Module._compile (node:internal/modules/cjs/loader:1256:14)
 [LOGGER] 2023-12-06 02:26:20.466 AM error : uncaughtException: Unexpected token ';'
/Users/muh.firdaus/Documents/Daus/SIB Dicoding/Capstone/kasa-talk-api-v1/src/controllers/user.controller.js:106
        expireTime: moment().utcOffset('+08:00').add(1, 'hours').toDate();
                                                                         ^

SyntaxError: Unexpected token ';'
    at internalCompileFunction (node:internal/vm:73:18)
    at wrapSafe (node:internal/modules/cjs/loader:1178:20)
    at Module._compile (node:internal/modules/cjs/loader:1220:27)
    at Module._extensions..js (node:internal/modules/cjs/loader:1310:10)
    at Module.load (node:internal/modules/cjs/loader:1119:32)
    at Module._load (node:internal/modules/cjs/loader:960:12)
    at Module.require (node:internal/modules/cjs/loader:1143:19)
    at require (node:internal/modules/cjs/helpers:119:18)
    at Object.<anonymous> (/Users/muh.firdaus/Documents/Daus/SIB Dicoding/Capstone/kasa-talk-api-v1/src/routes/user.route.js:12:5)
    at Module._compile (node:internal/modules/cjs/loader:1256:14)
 [LOGGER] 2023-12-06 02:29:24.011 AM error : controllers/user.controller.js:setUser - moment(...).format(...).utcOffset is not a function
 [LOGGER] 2023-12-06 02:29:24.018 AM error : uncaughtException: Cannot set headers after they are sent to the client
Error [ERR_HTTP_HEADERS_SENT]: Cannot set headers after they are sent to the client
    at new NodeError (node:internal/errors:405:5)
    at ServerResponse.setHeader (node:_http_outgoing:648:11)
    at ServerResponse.header (/Users/muh.firdaus/Documents/Daus/SIB Dicoding/Capstone/kasa-talk-api-v1/node_modules/express/lib/response.js:794:10)
    at ServerResponse.send (/Users/muh.firdaus/Documents/Daus/SIB Dicoding/Capstone/kasa-talk-api-v1/node_modules/express/lib/response.js:174:12)
    at ServerResponse.json (/Users/muh.firdaus/Documents/Daus/SIB Dicoding/Capstone/kasa-talk-api-v1/node_modules/express/lib/response.js:278:15)
    at setUser (/Users/muh.firdaus/Documents/Daus/SIB Dicoding/Capstone/kasa-talk-api-v1/src/controllers/user.controller.js:151:28)
    at process.processTicksAndRejections (node:internal/process/task_queues:95:5)
 [LOGGER] 2023-12-06 02:29:41.520 AM error : uncaughtException: Unexpected identifier
/Users/muh.firdaus/Documents/Daus/SIB Dicoding/Capstone/kasa-talk-api-v1/src/controllers/user.controller.js:106
        expireTime: moment()utcOffset('+08:00').add(1, 'hours').toDate(),
                            ^^^^^^^^^

SyntaxError: Unexpected identifier
    at internalCompileFunction (node:internal/vm:73:18)
    at wrapSafe (node:internal/modules/cjs/loader:1178:20)
    at Module._compile (node:internal/modules/cjs/loader:1220:27)
    at Module._extensions..js (node:internal/modules/cjs/loader:1310:10)
    at Module.load (node:internal/modules/cjs/loader:1119:32)
    at Module._load (node:internal/modules/cjs/loader:960:12)
    at Module.require (node:internal/modules/cjs/loader:1143:19)
    at require (node:internal/modules/cjs/helpers:119:18)
    at Object.<anonymous> (/Users/muh.firdaus/Documents/Daus/SIB Dicoding/Capstone/kasa-talk-api-v1/src/routes/user.route.js:12:5)
    at Module._compile (node:internal/modules/cjs/loader:1256:14)
 [LOGGER] 2023-12-06 02:30:00.537 AM error : uncaughtException: Unexpected token ','
/Users/muh.firdaus/Documents/Daus/SIB Dicoding/Capstone/kasa-talk-api-v1/src/controllers/user.controller.js:142
        expireTime: ,
                    ^

SyntaxError: Unexpected token ','
    at internalCompileFunction (node:internal/vm:73:18)
    at wrapSafe (node:internal/modules/cjs/loader:1178:20)
    at Module._compile (node:internal/modules/cjs/loader:1220:27)
    at Module._extensions..js (node:internal/modules/cjs/loader:1310:10)
    at Module.load (node:internal/modules/cjs/loader:1119:32)
    at Module._load (node:internal/modules/cjs/loader:960:12)
    at Module.require (node:internal/modules/cjs/loader:1143:19)
    at require (node:internal/modules/cjs/helpers:119:18)
    at Object.<anonymous> (/Users/muh.firdaus/Documents/Daus/SIB Dicoding/Capstone/kasa-talk-api-v1/src/routes/user.route.js:12:5)
    at Module._compile (node:internal/modules/cjs/loader:1256:14)
 [LOGGER] 2023-12-06 02:30:17.254 AM error : uncaughtException: Unexpected token ','
/Users/muh.firdaus/Documents/Daus/SIB Dicoding/Capstone/kasa-talk-api-v1/src/controllers/user.controller.js:142
        expireTime: moment(newUser.expireTime).,
                                               ^

SyntaxError: Unexpected token ','
    at internalCompileFunction (node:internal/vm:73:18)
    at wrapSafe (node:internal/modules/cjs/loader:1178:20)
    at Module._compile (node:internal/modules/cjs/loader:1220:27)
    at Module._extensions..js (node:internal/modules/cjs/loader:1310:10)
    at Module.load (node:internal/modules/cjs/loader:1119:32)
    at Module._load (node:internal/modules/cjs/loader:960:12)
    at Module.require (node:internal/modules/cjs/loader:1143:19)
    at require (node:internal/modules/cjs/helpers:119:18)
    at Object.<anonymous> (/Users/muh.firdaus/Documents/Daus/SIB Dicoding/Capstone/kasa-talk-api-v1/src/routes/user.route.js:12:5)
    at Module._compile (node:internal/modules/cjs/loader:1256:14)
 [LOGGER] 2023-12-06 02:32:30.321 AM error : controllers/userController.js:setLogin - secretOrPrivateKey must have a value
 [LOGGER] 2023-12-06 02:44:13.575 AM error : uncaughtException: Failed to parse service account json file: Error: ENAMETOOLONG: name too long, open '{\"type\":\"service_account\",\"project_id\":\"kasa-talk-storage\",\"private_key_id\":\"a07fb905ba25489d3b0ce16bb5c96268e4cb7914\",\"private_key\":\"-----BEGINPRIVATEKEY-----\\nMIIEvQIBADANBgkqhkiG9w0BAQEFAASCBKcwggSjAgEAAoIBAQDG/oSmj72c/vW3\\n3Y8DTPyg5fHXLyS/OEyRc6oIIl7jZIV8Q3lUL6lGGwbYf6ScTn5gJkoPp6P0ze15\\nOlJ1evXaFT3Lsu2SjonVdjBMLwgeNE0R5vNLCZmnZ9MB7u3TG/L5/sNjnwxfYeqW\\n/QJQit4yXeBLq+K82Ri4a5z99zUcpJdmP/HaclN9CC5JUR+tvSXE3QbUpshDGfU4\\nEuZ5+yE0qxW/I7vpgNYjQROKI/gfFAJK5t3/YhR0WyS6X9T/OkqcfYxEA8lvrua8\\nAGVXOCh9Byot6BHXbvBrh4fe6S0k8fuqGnpdT6RK81k9bsb+fBnCRP/oVZv2XXx1\\n/d7RryZfAgMBAAECggEAWWtenWAjIuy46v3u+Vs7fGvHwFvpZdn9IjE4+z3CqOjv\\nSNcjKq7eIGgdq+Szyh9Fj5w1FJLOzL9KknqgOjVeS7jW03WcZwqRKnBZJKrPuY7k\\nAQLoWdQ/DShM++XrTb2V8jvGfjomu6fK3D1mMF4umbBwjWB4W0cs4hZNbhwLbEpI\\nD+SCpKjSJLi9+vsn2MISnlDFN7wCcw1KMh60fAFsKU4AgRQu81UK8b4Vmdm1t2Ps\\ngjhDOl1OeybhrEIbK1lUJjO4tVPD1Bddayw/hrvIuiKkfo7Cq6/UfXFl/C5xLdRD\\ndj+PLPNBD4HQWFGhtXRgK+lWW0aQTy+W6RmpaCGqeQKBgQD4QKMkavvktO7mJjuz\\nOLdKqF0e9ip0+w3JM4P7egnEsQWtZNHN5asIBmfE2Um57a+eLqzgQeUEap+wK8BG\\n2SZWrL7PWdAN4BBf6AzVbwFJvD+jAxM9nK/skoZGaLMei86mLHFSaAqpcWXoSzfW\\nM3BnTTo0Nx8+J2BO5g7miraAFwKBgQDNNFeHZCzfCU4HOcH+3OCEUHC7afBMoYDp\\nDr4oiNw9m/RJxme/oB6dL9aP0pLep0C+GOzcKJsX6x8f6eVOq2wAs6F8v4iRs6zt\\nIR7nJytpzfV6La9LsP60u1DBu5OMwDMoIIwSCxfsvTKRRPQNoYPPNexfauEVo2va\\nvmwU4gHw+QKBgD5w45fxYNIxwDUbQMDfbxrUJjf3as5ppxoIXxYNqA9VBzyJs0u6\\njL5D/i3BCY4+foGm88ykRlpKB0hkeMRZMg9y+7tjt7UFupik4TV96jEFrGvwBhLl\\nKkqywBtNkmAIgj3Bx+8WRDhCUYOQB8dUwNz6y7z+cFlNxieSLgVGtoiZAoGAd2vK\\ntKR76KEFo/bdC3GHx/j4YllY23/yAa/uwrBDXCdyl6y7nC2XI2s/txuZFbLIXtkq\\nn0WSXO0cg/oe1RW2GQJxLKRa2lByht4LmgKVpVGTVrNXnPk4gf2xFc4QJI2GOAgY\\n/DcwiTniP+CdF4Gzr9d15GHS9EDS985yIAUXlCECgYEA5sRqEc0/TLLidYz72MVA\\nQktvbt+m1pRlvO8UwKf2cY2m19ndDwHL8Q7A89cEI7TZdGZyAdgcq9sazPNvYNv+\\nZjBf9aKCeeW9Gcj19F7PRqukXUh97FrDtOO/5Oep+uPs1sFGLNxPN2+c6gfglUpV\\nI25BGBZzhCAQxD4UWRofVrU=\\n-----ENDPRIVATEKEY-----\\n\",\"client_email\":\"firebase-adminsdk-i5qka@kasa-talk-storage.iam.gserviceaccount.com\",\"client_id\":\"111938666051344398623\",\"auth_uri\":\"https://accounts.google.com/o/oauth2/auth\",\"token_uri\":\"https://oauth2.googleapis.com/token\",\"auth_provider_x509_cert_url\":\"https://www.googleapis.com/oauth2/v1/certs\",\"client_x509_cert_url\":\"https://www.googleapis.com/robot/v1/metadata/x509/firebase-adminsdk-i5qka%40kasa-talk-storage.iam.gserviceaccount.com\",\"universe_domain\":\"googleapis.com\"}'
Error: Failed to parse service account json file: Error: ENAMETOOLONG: name too long, open '{\"type\":\"service_account\",\"project_id\":\"kasa-talk-storage\",\"private_key_id\":\"a07fb905ba25489d3b0ce16bb5c96268e4cb7914\",\"private_key\":\"-----BEGINPRIVATEKEY-----\\nMIIEvQIBADANBgkqhkiG9w0BAQEFAASCBKcwggSjAgEAAoIBAQDG/oSmj72c/vW3\\n3Y8DTPyg5fHXLyS/OEyRc6oIIl7jZIV8Q3lUL6lGGwbYf6ScTn5gJkoPp6P0ze15\\nOlJ1evXaFT3Lsu2SjonVdjBMLwgeNE0R5vNLCZmnZ9MB7u3TG/L5/sNjnwxfYeqW\\n/QJQit4yXeBLq+K82Ri4a5z99zUcpJdmP/HaclN9CC5JUR+tvSXE3QbUpshDGfU4\\nEuZ5+yE0qxW/I7vpgNYjQROKI/gfFAJK5t3/YhR0WyS6X9T/OkqcfYxEA8lvrua8\\nAGVXOCh9Byot6BHXbvBrh4fe6S0k8fuqGnpdT6RK81k9bsb+fBnCRP/oVZv2XXx1\\n/d7RryZfAgMBAAECggEAWWtenWAjIuy46v3u+Vs7fGvHwFvpZdn9IjE4+z3CqOjv\\nSNcjKq7eIGgdq+Szyh9Fj5w1FJLOzL9KknqgOjVeS7jW03WcZwqRKnBZJKrPuY7k\\nAQLoWdQ/DShM++XrTb2V8jvGfjomu6fK3D1mMF4umbBwjWB4W0cs4hZNbhwLbEpI\\nD+SCpKjSJLi9+vsn2MISnlDFN7wCcw1KMh60fAFsKU4AgRQu81UK8b4Vmdm1t2Ps\\ngjhDOl1OeybhrEIbK1lUJjO4tVPD1Bddayw/hrvIuiKkfo7Cq6/UfXFl/C5xLdRD\\ndj+PLPNBD4HQWFGhtXRgK+lWW0aQTy+W6RmpaCGqeQKBgQD4QKMkavvktO7mJjuz\\nOLdKqF0e9ip0+w3JM4P7egnEsQWtZNHN5asIBmfE2Um57a+eLqzgQeUEap+wK8BG\\n2SZWrL7PWdAN4BBf6AzVbwFJvD+jAxM9nK/skoZGaLMei86mLHFSaAqpcWXoSzfW\\nM3BnTTo0Nx8+J2BO5g7miraAFwKBgQDNNFeHZCzfCU4HOcH+3OCEUHC7afBMoYDp\\nDr4oiNw9m/RJxme/oB6dL9aP0pLep0C+GOzcKJsX6x8f6eVOq2wAs6F8v4iRs6zt\\nIR7nJytpzfV6La9LsP60u1DBu5OMwDMoIIwSCxfsvTKRRPQNoYPPNexfauEVo2va\\nvmwU4gHw+QKBgD5w45fxYNIxwDUbQMDfbxrUJjf3as5ppxoIXxYNqA9VBzyJs0u6\\njL5D/i3BCY4+foGm88ykRlpKB0hkeMRZMg9y+7tjt7UFupik4TV96jEFrGvwBhLl\\nKkqywBtNkmAIgj3Bx+8WRDhCUYOQB8dUwNz6y7z+cFlNxieSLgVGtoiZAoGAd2vK\\ntKR76KEFo/bdC3GHx/j4YllY23/yAa/uwrBDXCdyl6y7nC2XI2s/txuZFbLIXtkq\\nn0WSXO0cg/oe1RW2GQJxLKRa2lByht4LmgKVpVGTVrNXnPk4gf2xFc4QJI2GOAgY\\n/DcwiTniP+CdF4Gzr9d15GHS9EDS985yIAUXlCECgYEA5sRqEc0/TLLidYz72MVA\\nQktvbt+m1pRlvO8UwKf2cY2m19ndDwHL8Q7A89cEI7TZdGZyAdgcq9sazPNvYNv+\\nZjBf9aKCeeW9Gcj19F7PRqukXUh97FrDtOO/5Oep+uPs1sFGLNxPN2+c6gfglUpV\\nI25BGBZzhCAQxD4UWRofVrU=\\n-----ENDPRIVATEKEY-----\\n\",\"client_email\":\"firebase-adminsdk-i5qka@kasa-talk-storage.iam.gserviceaccount.com\",\"client_id\":\"111938666051344398623\",\"auth_uri\":\"https://accounts.google.com/o/oauth2/auth\",\"token_uri\":\"https://oauth2.googleapis.com/token\",\"auth_provider_x509_cert_url\":\"https://www.googleapis.com/oauth2/v1/certs\",\"client_x509_cert_url\":\"https://www.googleapis.com/robot/v1/metadata/x509/firebase-adminsdk-i5qka%40kasa-talk-storage.iam.gserviceaccount.com\",\"universe_domain\":\"googleapis.com\"}'
    at ServiceAccount.fromPath (/Users/muh.firdaus/Documents/Daus/SIB Dicoding/Capstone/kasa-talk-api-v1/node_modules/firebase-admin/lib/app/credential-internal.js:124:19)
    at new ServiceAccountCredential (/Users/muh.firdaus/Documents/Daus/SIB Dicoding/Capstone/kasa-talk-api-v1/node_modules/firebase-admin/lib/app/credential-internal.js:69:28)
    at Object.cert (/Users/muh.firdaus/Documents/Daus/SIB Dicoding/Capstone/kasa-talk-api-v1/node_modules/firebase-admin/lib/app/credential-factory.js:103:54)
    at Object.<anonymous> (/Users/muh.firdaus/Documents/Daus/SIB Dicoding/Capstone/kasa-talk-api-v1/src/config/firebase.config.js:9:32)
    at Module._compile (node:internal/modules/cjs/loader:1256:14)
    at Module._extensions..js (node:internal/modules/cjs/loader:1310:10)
    at Module.load (node:internal/modules/cjs/loader:1119:32)
    at Module._load (node:internal/modules/cjs/loader:960:12)
    at Module.require (node:internal/modules/cjs/loader:1143:19)
    at require (node:internal/modules/cjs/helpers:119:18)
 [LOGGER] 2023-12-06 02:48:25.949 AM error : uncaughtException: Failed to parse service account json file: Error: ENAMETOOLONG: name too long, open '{"type": "service_account","project_id": "kasa-talk-storage","private_key_id": "a07fb905ba25489d3b0ce16bb5c96268e4cb7914","private_key": "-----BEGIN PRIVATE KEY-----\nMIIEvQIBADANBgkqhkiG9w0BAQEFAASCBKcwggSjAgEAAoIBAQDG/oSmj72c/vW3\n3Y8DTPyg5fHXLyS/OEyRc6oIIl7jZIV8Q3lUL6lGGwbYf6ScTn5gJkoPp6P0ze15\nOlJ1evXaFT3Lsu2SjonVdjBMLwgeNE0R5vNLCZmnZ9MB7u3TG/L5/sNjnwxfYeqW\n/QJQit4yXeBLq+K82Ri4a5z99zUcpJdmP/HaclN9CC5JUR+tvSXE3QbUpshDGfU4\nEuZ5+yE0qxW/I7vpgNYjQROKI/gfFAJK5t3/YhR0WyS6X9T/OkqcfYxEA8lvrua8\nAGVXOCh9Byot6BHXbvBrh4fe6S0k8fuqGnpdT6RK81k9bsb+fBnCRP/oVZv2XXx1\n/d7RryZfAgMBAAECggEAWWtenWAjIuy46v3u+Vs7fGvHwFvpZdn9IjE4+z3CqOjv\nSNcjKq7eIGgdq+Szyh9Fj5w1FJLOzL9KknqgOjVeS7jW03WcZwqRKnBZJKrPuY7k\nAQLoWdQ/DShM++XrTb2V8jvGfjomu6fK3D1mMF4umbBwjWB4W0cs4hZNbhwLbEpI\nD+SCpKjSJLi9+vsn2MISnlDFN7wCcw1KMh60fAFsKU4AgRQu81UK8b4Vmdm1t2Ps\ngjhDOl1OeybhrEIbK1lUJjO4tVPD1Bddayw/hrvIuiKkfo7Cq6/UfXFl/C5xLdRD\ndj+PLPNBD4HQWFGhtXRgK+lWW0aQTy+W6RmpaCGqeQKBgQD4QKMkavvktO7mJjuz\nOLdKqF0e9ip0+w3JM4P7egnEsQWtZNHN5asIBmfE2Um57a+eLqzgQeUEap+wK8BG\n2SZWrL7PWdAN4BBf6AzVbwFJvD+jAxM9nK/skoZGaLMei86mLHFSaAqpcWXoSzfW\nM3BnTTo0Nx8+J2BO5g7miraAFwKBgQDNNFeHZCzfCU4HOcH+3OCEUHC7afBMoYDp\nDr4oiNw9m/RJxme/oB6dL9aP0pLep0C+GOzcKJsX6x8f6eVOq2wAs6F8v4iRs6zt\nIR7nJytpzfV6La9LsP60u1DBu5OMwDMoIIwSCxfsvTKRRPQNoYPPNexfauEVo2va\nvmwU4gHw+QKBgD5w45fxYNIxwDUbQMDfbxrUJjf3as5ppxoIXxYNqA9VBzyJs0u6\njL5D/i3BCY4+foGm88ykRlpKB0hkeMRZMg9y+7tjt7UFupik4TV96jEFrGvwBhLl\nKkqywBtNkmAIgj3Bx+8WRDhCUYOQB8dUwNz6y7z+cFlNxieSLgVGtoiZAoGAd2vK\ntKR76KEFo/bdC3GHx/j4YllY23/yAa/uwrBDXCdyl6y7nC2XI2s/txuZFbLIXtkq\nn0WSXO0cg/oe1RW2GQJxLKRa2lByht4LmgKVpVGTVrNXnPk4gf2xFc4QJI2GOAgY\n/DcwiTniP+CdF4Gzr9d15GHS9EDS985yIAUXlCECgYEA5sRqEc0/TLLidYz72MVA\nQktvbt+m1pRlvO8UwKf2cY2m19ndDwHL8Q7A89cEI7TZdGZyAdgcq9sazPNvYNv+\nZjBf9aKCeeW9Gcj19F7PRqukXUh97FrDtOO/5Oep+uPs1sFGLNxPN2+c6gfglUpV\nI25BGBZzhCAQxD4UWRofVrU=\n-----END PRIVATE KEY-----\n","client_email": "firebase-adminsdk-i5qka@kasa-talk-storage.iam.gserviceaccount.com","client_id": "111938666051344398623","auth_uri": "https://accounts.google.com/o/oauth2/auth","token_uri": "https://oauth2.googleapis.com/token","auth_provider_x509_cert_url": "https://www.googleapis.com/oauth2/v1/certs","client_x509_cert_url": "https://www.googleapis.com/robot/v1/metadata/x509/firebase-adminsdk-i5qka%40kasa-talk-storage.iam.gserviceaccount.com","universe_domain": "googleapis.com"}'
Error: Failed to parse service account json file: Error: ENAMETOOLONG: name too long, open '{"type": "service_account","project_id": "kasa-talk-storage","private_key_id": "a07fb905ba25489d3b0ce16bb5c96268e4cb7914","private_key": "-----BEGIN PRIVATE KEY-----\nMIIEvQIBADANBgkqhkiG9w0BAQEFAASCBKcwggSjAgEAAoIBAQDG/oSmj72c/vW3\n3Y8DTPyg5fHXLyS/OEyRc6oIIl7jZIV8Q3lUL6lGGwbYf6ScTn5gJkoPp6P0ze15\nOlJ1evXaFT3Lsu2SjonVdjBMLwgeNE0R5vNLCZmnZ9MB7u3TG/L5/sNjnwxfYeqW\n/QJQit4yXeBLq+K82Ri4a5z99zUcpJdmP/HaclN9CC5JUR+tvSXE3QbUpshDGfU4\nEuZ5+yE0qxW/I7vpgNYjQROKI/gfFAJK5t3/YhR0WyS6X9T/OkqcfYxEA8lvrua8\nAGVXOCh9Byot6BHXbvBrh4fe6S0k8fuqGnpdT6RK81k9bsb+fBnCRP/oVZv2XXx1\n/d7RryZfAgMBAAECggEAWWtenWAjIuy46v3u+Vs7fGvHwFvpZdn9IjE4+z3CqOjv\nSNcjKq7eIGgdq+Szyh9Fj5w1FJLOzL9KknqgOjVeS7jW03WcZwqRKnBZJKrPuY7k\nAQLoWdQ/DShM++XrTb2V8jvGfjomu6fK3D1mMF4umbBwjWB4W0cs4hZNbhwLbEpI\nD+SCpKjSJLi9+vsn2MISnlDFN7wCcw1KMh60fAFsKU4AgRQu81UK8b4Vmdm1t2Ps\ngjhDOl1OeybhrEIbK1lUJjO4tVPD1Bddayw/hrvIuiKkfo7Cq6/UfXFl/C5xLdRD\ndj+PLPNBD4HQWFGhtXRgK+lWW0aQTy+W6RmpaCGqeQKBgQD4QKMkavvktO7mJjuz\nOLdKqF0e9ip0+w3JM4P7egnEsQWtZNHN5asIBmfE2Um57a+eLqzgQeUEap+wK8BG\n2SZWrL7PWdAN4BBf6AzVbwFJvD+jAxM9nK/skoZGaLMei86mLHFSaAqpcWXoSzfW\nM3BnTTo0Nx8+J2BO5g7miraAFwKBgQDNNFeHZCzfCU4HOcH+3OCEUHC7afBMoYDp\nDr4oiNw9m/RJxme/oB6dL9aP0pLep0C+GOzcKJsX6x8f6eVOq2wAs6F8v4iRs6zt\nIR7nJytpzfV6La9LsP60u1DBu5OMwDMoIIwSCxfsvTKRRPQNoYPPNexfauEVo2va\nvmwU4gHw+QKBgD5w45fxYNIxwDUbQMDfbxrUJjf3as5ppxoIXxYNqA9VBzyJs0u6\njL5D/i3BCY4+foGm88ykRlpKB0hkeMRZMg9y+7tjt7UFupik4TV96jEFrGvwBhLl\nKkqywBtNkmAIgj3Bx+8WRDhCUYOQB8dUwNz6y7z+cFlNxieSLgVGtoiZAoGAd2vK\ntKR76KEFo/bdC3GHx/j4YllY23/yAa/uwrBDXCdyl6y7nC2XI2s/txuZFbLIXtkq\nn0WSXO0cg/oe1RW2GQJxLKRa2lByht4LmgKVpVGTVrNXnPk4gf2xFc4QJI2GOAgY\n/DcwiTniP+CdF4Gzr9d15GHS9EDS985yIAUXlCECgYEA5sRqEc0/TLLidYz72MVA\nQktvbt+m1pRlvO8UwKf2cY2m19ndDwHL8Q7A89cEI7TZdGZyAdgcq9sazPNvYNv+\nZjBf9aKCeeW9Gcj19F7PRqukXUh97FrDtOO/5Oep+uPs1sFGLNxPN2+c6gfglUpV\nI25BGBZzhCAQxD4UWRofVrU=\n-----END PRIVATE KEY-----\n","client_email": "firebase-adminsdk-i5qka@kasa-talk-storage.iam.gserviceaccount.com","client_id": "111938666051344398623","auth_uri": "https://accounts.google.com/o/oauth2/auth","token_uri": "https://oauth2.googleapis.com/token","auth_provider_x509_cert_url": "https://www.googleapis.com/oauth2/v1/certs","client_x509_cert_url": "https://www.googleapis.com/robot/v1/metadata/x509/firebase-adminsdk-i5qka%40kasa-talk-storage.iam.gserviceaccount.com","universe_domain": "googleapis.com"}'
    at ServiceAccount.fromPath (/Users/muh.firdaus/Documents/Daus/SIB Dicoding/Capstone/kasa-talk-api-v1/node_modules/firebase-admin/lib/app/credential-internal.js:124:19)
    at new ServiceAccountCredential (/Users/muh.firdaus/Documents/Daus/SIB Dicoding/Capstone/kasa-talk-api-v1/node_modules/firebase-admin/lib/app/credential-internal.js:69:28)
    at Object.cert (/Users/muh.firdaus/Documents/Daus/SIB Dicoding/Capstone/kasa-talk-api-v1/node_modules/firebase-admin/lib/app/credential-factory.js:103:54)
    at Object.<anonymous> (/Users/muh.firdaus/Documents/Daus/SIB Dicoding/Capstone/kasa-talk-api-v1/src/config/firebase.config.js:9:32)
    at Module._compile (node:internal/modules/cjs/loader:1256:14)
    at Module._extensions..js (node:internal/modules/cjs/loader:1310:10)
    at Module.load (node:internal/modules/cjs/loader:1119:32)
    at Module._load (node:internal/modules/cjs/loader:960:12)
    at Module.require (node:internal/modules/cjs/loader:1143:19)
    at require (node:internal/modules/cjs/helpers:119:18)
 [LOGGER] 2023-12-06 12:37:47.687 PM error : uncaughtException: wordRouter is not defined
ReferenceError: wordRouter is not defined
    at Object.<anonymous> (/Users/muh.firdaus/Documents/Daus/SIB Dicoding/Capstone/kasa-talk-api-v1/src/routes/index.js:10:19)
    at Module._compile (node:internal/modules/cjs/loader:1256:14)
    at Module._extensions..js (node:internal/modules/cjs/loader:1310:10)
    at Module.load (node:internal/modules/cjs/loader:1119:32)
    at Module._load (node:internal/modules/cjs/loader:960:12)
    at Module.require (node:internal/modules/cjs/loader:1143:19)
    at require (node:internal/modules/cjs/helpers:119:18)
    at Object.<anonymous> (/Users/muh.firdaus/Documents/Daus/SIB Dicoding/Capstone/kasa-talk-api-v1/src/middleware/index.js:4:15)
    at Module._compile (node:internal/modules/cjs/loader:1256:14)
    at Module._extensions..js (node:internal/modules/cjs/loader:1310:10)
 [LOGGER] 2023-12-06 12:42:49.707 PM error : controllers/word.controller.js:setWord - Operation timeout
 [LOGGER] 2023-12-06 12:46:25.444 PM error : controllers/word.controller.js:setWord - Unknown column 'userId' in 'field list'
 [LOGGER] 2023-12-06 01:42:20.618 PM error : uncaughtException: Unexpected token ')'
/Users/muh.firdaus/Documents/Daus/SIB Dicoding/Capstone/kasa-talk-api-v1/src/controllers/user.controller.js:235
    console.log(tokenInfo.);
                          ^

SyntaxError: Unexpected token ')'
    at internalCompileFunction (node:internal/vm:73:18)
    at wrapSafe (node:internal/modules/cjs/loader:1178:20)
    at Module._compile (node:internal/modules/cjs/loader:1220:27)
    at Module._extensions..js (node:internal/modules/cjs/loader:1310:10)
    at Module.load (node:internal/modules/cjs/loader:1119:32)
    at Module._load (node:internal/modules/cjs/loader:960:12)
    at Module.require (node:internal/modules/cjs/loader:1143:19)
    at require (node:internal/modules/cjs/helpers:119:18)
    at Object.<anonymous> (/Users/muh.firdaus/Documents/Daus/SIB Dicoding/Capstone/kasa-talk-api-v1/src/routes/user.route.js:12:5)
    at Module._compile (node:internal/modules/cjs/loader:1256:14)
 [LOGGER] 2023-12-06 02:13:12.793 PM error : uncaughtException: Unexpected token 'const'
/Users/muh.firdaus/Documents/Daus/SIB Dicoding/Capstone/kasa-talk-api-v1/src/controllers/word.controller.js:173
    const result = await Kata.findAll();
    ^^^^^

SyntaxError: Unexpected token 'const'
    at internalCompileFunction (node:internal/vm:73:18)
    at wrapSafe (node:internal/modules/cjs/loader:1178:20)
    at Module._compile (node:internal/modules/cjs/loader:1220:27)
    at Module._extensions..js (node:internal/modules/cjs/loader:1310:10)
    at Module.load (node:internal/modules/cjs/loader:1119:32)
    at Module._load (node:internal/modules/cjs/loader:960:12)
    at Module.require (node:internal/modules/cjs/loader:1143:19)
    at require (node:internal/modules/cjs/helpers:119:18)
    at Object.<anonymous> (/Users/muh.firdaus/Documents/Daus/SIB Dicoding/Capstone/kasa-talk-api-v1/src/routes/word.route.js:3:33)
    at Module._compile (node:internal/modules/cjs/loader:1256:14)
 [LOGGER] 2023-12-06 02:13:18.742 PM error : uncaughtException: Unexpected token 'const'
/Users/muh.firdaus/Documents/Daus/SIB Dicoding/Capstone/kasa-talk-api-v1/src/controllers/word.controller.js:173
    const result = await Kata.findAll();
    ^^^^^

SyntaxError: Unexpected token 'const'
    at internalCompileFunction (node:internal/vm:73:18)
    at wrapSafe (node:internal/modules/cjs/loader:1178:20)
    at Module._compile (node:internal/modules/cjs/loader:1220:27)
    at Module._extensions..js (node:internal/modules/cjs/loader:1310:10)
    at Module.load (node:internal/modules/cjs/loader:1119:32)
    at Module._load (node:internal/modules/cjs/loader:960:12)
    at Module.require (node:internal/modules/cjs/loader:1143:19)
    at require (node:internal/modules/cjs/helpers:119:18)
    at Object.<anonymous> (/Users/muh.firdaus/Documents/Daus/SIB Dicoding/Capstone/kasa-talk-api-v1/src/routes/word.route.js:3:33)
    at Module._compile (node:internal/modules/cjs/loader:1256:14)
 [LOGGER] 2023-12-06 02:13:23.483 PM error : uncaughtException: Missing initializer in const declaration
/Users/muh.firdaus/Documents/Daus/SIB Dicoding/Capstone/kasa-talk-api-v1/src/controllers/word.controller.js:171
    const status 
          ^^^^^^

SyntaxError: Missing initializer in const declaration
    at internalCompileFunction (node:internal/vm:73:18)
    at wrapSafe (node:internal/modules/cjs/loader:1178:20)
    at Module._compile (node:internal/modules/cjs/loader:1220:27)
    at Module._extensions..js (node:internal/modules/cjs/loader:1310:10)
    at Module.load (node:internal/modules/cjs/loader:1119:32)
    at Module._load (node:internal/modules/cjs/loader:960:12)
    at Module.require (node:internal/modules/cjs/loader:1143:19)
    at require (node:internal/modules/cjs/helpers:119:18)
    at Object.<anonymous> (/Users/muh.firdaus/Documents/Daus/SIB Dicoding/Capstone/kasa-talk-api-v1/src/routes/word.route.js:3:33)
    at Module._compile (node:internal/modules/cjs/loader:1256:14)
 [LOGGER] 2023-12-06 02:13:24.488 PM error : uncaughtException: Missing initializer in const declaration
/Users/muh.firdaus/Documents/Daus/SIB Dicoding/Capstone/kasa-talk-api-v1/src/controllers/word.controller.js:171
    const status
          ^^^^^^

SyntaxError: Missing initializer in const declaration
    at internalCompileFunction (node:internal/vm:73:18)
    at wrapSafe (node:internal/modules/cjs/loader:1178:20)
    at Module._compile (node:internal/modules/cjs/loader:1220:27)
    at Module._extensions..js (node:internal/modules/cjs/loader:1310:10)
    at Module.load (node:internal/modules/cjs/loader:1119:32)
    at Module._load (node:internal/modules/cjs/loader:960:12)
    at Module.require (node:internal/modules/cjs/loader:1143:19)
    at require (node:internal/modules/cjs/helpers:119:18)
    at Object.<anonymous> (/Users/muh.firdaus/Documents/Daus/SIB Dicoding/Capstone/kasa-talk-api-v1/src/routes/word.route.js:3:33)
    at Module._compile (node:internal/modules/cjs/loader:1256:14)
 [LOGGER] 2023-12-06 02:13:30.624 PM error : uncaughtException: Unexpected token 'const'
/Users/muh.firdaus/Documents/Daus/SIB Dicoding/Capstone/kasa-talk-api-v1/src/controllers/word.controller.js:173
    const result = await Kata.findAll();
    ^^^^^

SyntaxError: Unexpected token 'const'
    at internalCompileFunction (node:internal/vm:73:18)
    at wrapSafe (node:internal/modules/cjs/loader:1178:20)
    at Module._compile (node:internal/modules/cjs/loader:1220:27)
    at Module._extensions..js (node:internal/modules/cjs/loader:1310:10)
    at Module.load (node:internal/modules/cjs/loader:1119:32)
    at Module._load (node:internal/modules/cjs/loader:960:12)
    at Module.require (node:internal/modules/cjs/loader:1143:19)
    at require (node:internal/modules/cjs/helpers:119:18)
    at Object.<anonymous> (/Users/muh.firdaus/Documents/Daus/SIB Dicoding/Capstone/kasa-talk-api-v1/src/routes/word.route.js:3:33)
    at Module._compile (node:internal/modules/cjs/loader:1256:14)
 [LOGGER] 2023-12-06 02:16:45.454 PM error : uncaughtException: missing ) after argument list
/Users/muh.firdaus/Documents/Daus/SIB Dicoding/Capstone/kasa-talk-api-v1/src/controllers/word.controller.js:176
      }
      ^

SyntaxError: missing ) after argument list
    at internalCompileFunction (node:internal/vm:73:18)
    at wrapSafe (node:internal/modules/cjs/loader:1178:20)
    at Module._compile (node:internal/modules/cjs/loader:1220:27)
    at Module._extensions..js (node:internal/modules/cjs/loader:1310:10)
    at Module.load (node:internal/modules/cjs/loader:1119:32)
    at Module._load (node:internal/modules/cjs/loader:960:12)
    at Module.require (node:internal/modules/cjs/loader:1143:19)
    at require (node:internal/modules/cjs/helpers:119:18)
    at Object.<anonymous> (/Users/muh.firdaus/Documents/Daus/SIB Dicoding/Capstone/kasa-talk-api-v1/src/routes/word.route.js:3:33)
    at Module._compile (node:internal/modules/cjs/loader:1256:14)
 [LOGGER] 2023-12-06 02:16:46.611 PM error : uncaughtException: missing ) after argument list
/Users/muh.firdaus/Documents/Daus/SIB Dicoding/Capstone/kasa-talk-api-v1/src/controllers/word.controller.js:178
      }
      ^

SyntaxError: missing ) after argument list
    at internalCompileFunction (node:internal/vm:73:18)
    at wrapSafe (node:internal/modules/cjs/loader:1178:20)
    at Module._compile (node:internal/modules/cjs/loader:1220:27)
    at Module._extensions..js (node:internal/modules/cjs/loader:1310:10)
    at Module.load (node:internal/modules/cjs/loader:1119:32)
    at Module._load (node:internal/modules/cjs/loader:960:12)
    at Module.require (node:internal/modules/cjs/loader:1143:19)
    at require (node:internal/modules/cjs/helpers:119:18)
    at Object.<anonymous> (/Users/muh.firdaus/Documents/Daus/SIB Dicoding/Capstone/kasa-talk-api-v1/src/routes/word.route.js:3:33)
    at Module._compile (node:internal/modules/cjs/loader:1256:14)
 [LOGGER] 2023-12-06 02:16:49.122 PM error : uncaughtException: missing ) after argument list
/Users/muh.firdaus/Documents/Daus/SIB Dicoding/Capstone/kasa-talk-api-v1/src/controllers/word.controller.js:178
      }
      ^

SyntaxError: missing ) after argument list
    at internalCompileFunction (node:internal/vm:73:18)
    at wrapSafe (node:internal/modules/cjs/loader:1178:20)
    at Module._compile (node:internal/modules/cjs/loader:1220:27)
    at Module._extensions..js (node:internal/modules/cjs/loader:1310:10)
    at Module.load (node:internal/modules/cjs/loader:1119:32)
    at Module._load (node:internal/modules/cjs/loader:960:12)
    at Module.require (node:internal/modules/cjs/loader:1143:19)
    at require (node:internal/modules/cjs/helpers:119:18)
    at Object.<anonymous> (/Users/muh.firdaus/Documents/Daus/SIB Dicoding/Capstone/kasa-talk-api-v1/src/routes/word.route.js:3:33)
    at Module._compile (node:internal/modules/cjs/loader:1256:14)
 [LOGGER] 2023-12-06 02:16:51.133 PM error : uncaughtException: missing ) after argument list
/Users/muh.firdaus/Documents/Daus/SIB Dicoding/Capstone/kasa-talk-api-v1/src/controllers/word.controller.js:178
      }
      ^

SyntaxError: missing ) after argument list
    at internalCompileFunction (node:internal/vm:73:18)
    at wrapSafe (node:internal/modules/cjs/loader:1178:20)
    at Module._compile (node:internal/modules/cjs/loader:1220:27)
    at Module._extensions..js (node:internal/modules/cjs/loader:1310:10)
    at Module.load (node:internal/modules/cjs/loader:1119:32)
    at Module._load (node:internal/modules/cjs/loader:960:12)
    at Module.require (node:internal/modules/cjs/loader:1143:19)
    at require (node:internal/modules/cjs/helpers:119:18)
    at Object.<anonymous> (/Users/muh.firdaus/Documents/Daus/SIB Dicoding/Capstone/kasa-talk-api-v1/src/routes/word.route.js:3:33)
    at Module._compile (node:internal/modules/cjs/loader:1256:14)
 [LOGGER] 2023-12-06 02:17:01.319 PM error : uncaughtException: missing ) after argument list
/Users/muh.firdaus/Documents/Daus/SIB Dicoding/Capstone/kasa-talk-api-v1/src/controllers/word.controller.js:178
      }
      ^

SyntaxError: missing ) after argument list
    at internalCompileFunction (node:internal/vm:73:18)
    at wrapSafe (node:internal/modules/cjs/loader:1178:20)
    at Module._compile (node:internal/modules/cjs/loader:1220:27)
    at Module._extensions..js (node:internal/modules/cjs/loader:1310:10)
    at Module.load (node:internal/modules/cjs/loader:1119:32)
    at Module._load (node:internal/modules/cjs/loader:960:12)
    at Module.require (node:internal/modules/cjs/loader:1143:19)
    at require (node:internal/modules/cjs/helpers:119:18)
    at Object.<anonymous> (/Users/muh.firdaus/Documents/Daus/SIB Dicoding/Capstone/kasa-talk-api-v1/src/routes/word.route.js:3:33)
    at Module._compile (node:internal/modules/cjs/loader:1256:14)
 [LOGGER] 2023-12-06 02:17:05.213 PM error : uncaughtException: missing ) after argument list
/Users/muh.firdaus/Documents/Daus/SIB Dicoding/Capstone/kasa-talk-api-v1/src/controllers/word.controller.js:178
      }
      ^

SyntaxError: missing ) after argument list
    at internalCompileFunction (node:internal/vm:73:18)
    at wrapSafe (node:internal/modules/cjs/loader:1178:20)
    at Module._compile (node:internal/modules/cjs/loader:1220:27)
    at Module._extensions..js (node:internal/modules/cjs/loader:1310:10)
    at Module.load (node:internal/modules/cjs/loader:1119:32)
    at Module._load (node:internal/modules/cjs/loader:960:12)
    at Module.require (node:internal/modules/cjs/loader:1143:19)
    at require (node:internal/modules/cjs/helpers:119:18)
    at Object.<anonymous> (/Users/muh.firdaus/Documents/Daus/SIB Dicoding/Capstone/kasa-talk-api-v1/src/routes/word.route.js:3:33)
    at Module._compile (node:internal/modules/cjs/loader:1256:14)
 [LOGGER] 2023-12-06 02:17:10.839 PM error : uncaughtException: Unexpected token 'return'
/Users/muh.firdaus/Documents/Daus/SIB Dicoding/Capstone/kasa-talk-api-v1/src/controllers/word.controller.js:175
    return res.status(200).json({
    ^^^^^^

SyntaxError: Unexpected token 'return'
    at internalCompileFunction (node:internal/vm:73:18)
    at wrapSafe (node:internal/modules/cjs/loader:1178:20)
    at Module._compile (node:internal/modules/cjs/loader:1220:27)
    at Module._extensions..js (node:internal/modules/cjs/loader:1310:10)
    at Module.load (node:internal/modules/cjs/loader:1119:32)
    at Module._load (node:internal/modules/cjs/loader:960:12)
    at Module.require (node:internal/modules/cjs/loader:1143:19)
    at require (node:internal/modules/cjs/helpers:119:18)
    at Object.<anonymous> (/Users/muh.firdaus/Documents/Daus/SIB Dicoding/Capstone/kasa-talk-api-v1/src/routes/word.route.js:3:33)
    at Module._compile (node:internal/modules/cjs/loader:1256:14)
 [LOGGER] 2023-12-06 02:17:18.225 PM error : uncaughtException: Unexpected token 'return'
/Users/muh.firdaus/Documents/Daus/SIB Dicoding/Capstone/kasa-talk-api-v1/src/controllers/word.controller.js:173
    return res.status(200).json({
    ^^^^^^

SyntaxError: Unexpected token 'return'
    at internalCompileFunction (node:internal/vm:73:18)
    at wrapSafe (node:internal/modules/cjs/loader:1178:20)
    at Module._compile (node:internal/modules/cjs/loader:1220:27)
    at Module._extensions..js (node:internal/modules/cjs/loader:1310:10)
    at Module.load (node:internal/modules/cjs/loader:1119:32)
    at Module._load (node:internal/modules/cjs/loader:960:12)
    at Module.require (node:internal/modules/cjs/loader:1143:19)
    at require (node:internal/modules/cjs/helpers:119:18)
    at Object.<anonymous> (/Users/muh.firdaus/Documents/Daus/SIB Dicoding/Capstone/kasa-talk-api-v1/src/routes/word.route.js:3:33)
    at Module._compile (node:internal/modules/cjs/loader:1256:14)
 [LOGGER] 2023-12-06 02:17:21.169 PM error : uncaughtException: Unexpected token ')'
/Users/muh.firdaus/Documents/Daus/SIB Dicoding/Capstone/kasa-talk-api-v1/src/controllers/word.controller.js:171
    if (req.)
            ^

SyntaxError: Unexpected token ')'
    at internalCompileFunction (node:internal/vm:73:18)
    at wrapSafe (node:internal/modules/cjs/loader:1178:20)
    at Module._compile (node:internal/modules/cjs/loader:1220:27)
    at Module._extensions..js (node:internal/modules/cjs/loader:1310:10)
    at Module.load (node:internal/modules/cjs/loader:1119:32)
    at Module._load (node:internal/modules/cjs/loader:960:12)
    at Module.require (node:internal/modules/cjs/loader:1143:19)
    at require (node:internal/modules/cjs/helpers:119:18)
    at Object.<anonymous> (/Users/muh.firdaus/Documents/Daus/SIB Dicoding/Capstone/kasa-talk-api-v1/src/routes/word.route.js:3:33)
    at Module._compile (node:internal/modules/cjs/loader:1256:14)
 [LOGGER] 2023-12-06 02:17:26.639 PM error : uncaughtException: missing ) after argument list
/Users/muh.firdaus/Documents/Daus/SIB Dicoding/Capstone/kasa-talk-api-v1/src/controllers/word.controller.js:177
        }
        ^

SyntaxError: missing ) after argument list
    at internalCompileFunction (node:internal/vm:73:18)
    at wrapSafe (node:internal/modules/cjs/loader:1178:20)
    at Module._compile (node:internal/modules/cjs/loader:1220:27)
    at Module._extensions..js (node:internal/modules/cjs/loader:1310:10)
    at Module.load (node:internal/modules/cjs/loader:1119:32)
    at Module._load (node:internal/modules/cjs/loader:960:12)
    at Module.require (node:internal/modules/cjs/loader:1143:19)
    at require (node:internal/modules/cjs/helpers:119:18)
    at Object.<anonymous> (/Users/muh.firdaus/Documents/Daus/SIB Dicoding/Capstone/kasa-talk-api-v1/src/routes/word.route.js:3:33)
    at Module._compile (node:internal/modules/cjs/loader:1256:14)
 [LOGGER] 2023-12-06 02:17:32.009 PM error : uncaughtException: Unexpected token ','
/Users/muh.firdaus/Documents/Daus/SIB Dicoding/Capstone/kasa-talk-api-v1/src/controllers/word.controller.js:175
            status: ,
                    ^

SyntaxError: Unexpected token ','
    at internalCompileFunction (node:internal/vm:73:18)
    at wrapSafe (node:internal/modules/cjs/loader:1178:20)
    at Module._compile (node:internal/modules/cjs/loader:1220:27)
    at Module._extensions..js (node:internal/modules/cjs/loader:1310:10)
    at Module.load (node:internal/modules/cjs/loader:1119:32)
    at Module._load (node:internal/modules/cjs/loader:960:12)
    at Module.require (node:internal/modules/cjs/loader:1143:19)
    at require (node:internal/modules/cjs/helpers:119:18)
    at Object.<anonymous> (/Users/muh.firdaus/Documents/Daus/SIB Dicoding/Capstone/kasa-talk-api-v1/src/routes/word.route.js:3:33)
    at Module._compile (node:internal/modules/cjs/loader:1256:14)
 [LOGGER] 2023-12-06 02:17:33.400 PM error : uncaughtException: missing ) after argument list
/Users/muh.firdaus/Documents/Daus/SIB Dicoding/Capstone/kasa-talk-api-v1/src/controllers/word.controller.js:177
        }
        ^

SyntaxError: missing ) after argument list
    at internalCompileFunction (node:internal/vm:73:18)
    at wrapSafe (node:internal/modules/cjs/loader:1178:20)
    at Module._compile (node:internal/modules/cjs/loader:1220:27)
    at Module._extensions..js (node:internal/modules/cjs/loader:1310:10)
    at Module.load (node:internal/modules/cjs/loader:1119:32)
    at Module._load (node:internal/modules/cjs/loader:960:12)
    at Module.require (node:internal/modules/cjs/loader:1143:19)
    at require (node:internal/modules/cjs/helpers:119:18)
    at Object.<anonymous> (/Users/muh.firdaus/Documents/Daus/SIB Dicoding/Capstone/kasa-talk-api-v1/src/routes/word.route.js:3:33)
    at Module._compile (node:internal/modules/cjs/loader:1256:14)
 [LOGGER] 2023-12-06 02:22:06.265 PM error : uncaughtException: Unexpected token ')'
/Users/muh.firdaus/Documents/Daus/SIB Dicoding/Capstone/kasa-talk-api-v1/src/controllers/word.controller.js:183
    } else if () {
               ^

SyntaxError: Unexpected token ')'
    at internalCompileFunction (node:internal/vm:73:18)
    at wrapSafe (node:internal/modules/cjs/loader:1178:20)
    at Module._compile (node:internal/modules/cjs/loader:1220:27)
    at Module._extensions..js (node:internal/modules/cjs/loader:1310:10)
    at Module.load (node:internal/modules/cjs/loader:1119:32)
    at Module._load (node:internal/modules/cjs/loader:960:12)
    at Module.require (node:internal/modules/cjs/loader:1143:19)
    at require (node:internal/modules/cjs/helpers:119:18)
    at Object.<anonymous> (/Users/muh.firdaus/Documents/Daus/SIB Dicoding/Capstone/kasa-talk-api-v1/src/routes/word.route.js:3:33)
    at Module._compile (node:internal/modules/cjs/loader:1256:14)
 [LOGGER] 2023-12-06 02:22:09.247 PM error : uncaughtException: Unexpected token ')'
/Users/muh.firdaus/Documents/Daus/SIB Dicoding/Capstone/kasa-talk-api-v1/src/controllers/word.controller.js:183
    } else if (!) {
                ^

SyntaxError: Unexpected token ')'
    at internalCompileFunction (node:internal/vm:73:18)
    at wrapSafe (node:internal/modules/cjs/loader:1178:20)
    at Module._compile (node:internal/modules/cjs/loader:1220:27)
    at Module._extensions..js (node:internal/modules/cjs/loader:1310:10)
    at Module.load (node:internal/modules/cjs/loader:1119:32)
    at Module._load (node:internal/modules/cjs/loader:960:12)
    at Module.require (node:internal/modules/cjs/loader:1143:19)
    at require (node:internal/modules/cjs/helpers:119:18)
    at Object.<anonymous> (/Users/muh.firdaus/Documents/Daus/SIB Dicoding/Capstone/kasa-talk-api-v1/src/routes/word.route.js:3:33)
    at Module._compile (node:internal/modules/cjs/loader:1256:14)
 [LOGGER] 2023-12-06 02:27:09.339 PM error : uncaughtException: Unexpected identifier
/Users/muh.firdaus/Documents/Daus/SIB Dicoding/Capstone/kasa-talk-api-v1/src/controllers/word.controller.js:187
          order: [['createdAt', 'DESC']],
          ^^^^^

SyntaxError: Unexpected identifier
    at internalCompileFunction (node:internal/vm:73:18)
    at wrapSafe (node:internal/modules/cjs/loader:1178:20)
    at Module._compile (node:internal/modules/cjs/loader:1220:27)
    at Module._extensions..js (node:internal/modules/cjs/loader:1310:10)
    at Module.load (node:internal/modules/cjs/loader:1119:32)
    at Module._load (node:internal/modules/cjs/loader:960:12)
    at Module.require (node:internal/modules/cjs/loader:1143:19)
    at require (node:internal/modules/cjs/helpers:119:18)
    at Object.<anonymous> (/Users/muh.firdaus/Documents/Daus/SIB Dicoding/Capstone/kasa-talk-api-v1/src/routes/word.route.js:3:33)
    at Module._compile (node:internal/modules/cjs/loader:1256:14)
 [LOGGER] 2023-12-06 02:28:08.858 PM error : uncaughtException: Unexpected token '.'
/Users/muh.firdaus/Documents/Daus/SIB Dicoding/Capstone/kasa-talk-api-v1/src/controllers/word.controller.js:186
          limit: .RY,
                 ^

SyntaxError: Unexpected token '.'
    at internalCompileFunction (node:internal/vm:73:18)
    at wrapSafe (node:internal/modules/cjs/loader:1178:20)
    at Module._compile (node:internal/modules/cjs/loader:1220:27)
    at Module._extensions..js (node:internal/modules/cjs/loader:1310:10)
    at Module.load (node:internal/modules/cjs/loader:1119:32)
    at Module._load (node:internal/modules/cjs/loader:960:12)
    at Module.require (node:internal/modules/cjs/loader:1143:19)
    at require (node:internal/modules/cjs/helpers:119:18)
    at Object.<anonymous> (/Users/muh.firdaus/Documents/Daus/SIB Dicoding/Capstone/kasa-talk-api-v1/src/routes/word.route.js:3:33)
    at Module._compile (node:internal/modules/cjs/loader:1256:14)
 [LOGGER] 2023-12-06 02:42:18.888 PM error : uncaughtException: Unexpected token '}'
/Users/muh.firdaus/Documents/Daus/SIB Dicoding/Capstone/kasa-talk-api-v1/src/controllers/word.controller.js:185
    } else {
    ^

SyntaxError: Unexpected token '}'
    at internalCompileFunction (node:internal/vm:73:18)
    at wrapSafe (node:internal/modules/cjs/loader:1178:20)
    at Module._compile (node:internal/modules/cjs/loader:1220:27)
    at Module._extensions..js (node:internal/modules/cjs/loader:1310:10)
    at Module.load (node:internal/modules/cjs/loader:1119:32)
    at Module._load (node:internal/modules/cjs/loader:960:12)
    at Module.require (node:internal/modules/cjs/loader:1143:19)
    at require (node:internal/modules/cjs/helpers:119:18)
    at Object.<anonymous> (/Users/muh.firdaus/Documents/Daus/SIB Dicoding/Capstone/kasa-talk-api-v1/src/routes/word.route.js:3:33)
    at Module._compile (node:internal/modules/cjs/loader:1256:14)
 [LOGGER] 2023-12-06 02:42:54.462 PM error : uncaughtException: await is only valid in async functions and the top level bodies of modules
/Users/muh.firdaus/Documents/Daus/SIB Dicoding/Capstone/kasa-talk-api-v1/src/controllers/word.controller.js:185
        await User
        ^^^^^

SyntaxError: await is only valid in async functions and the top level bodies of modules
    at internalCompileFunction (node:internal/vm:73:18)
    at wrapSafe (node:internal/modules/cjs/loader:1178:20)
    at Module._compile (node:internal/modules/cjs/loader:1220:27)
    at Module._extensions..js (node:internal/modules/cjs/loader:1310:10)
    at Module.load (node:internal/modules/cjs/loader:1119:32)
    at Module._load (node:internal/modules/cjs/loader:960:12)
    at Module.require (node:internal/modules/cjs/loader:1143:19)
    at require (node:internal/modules/cjs/helpers:119:18)
    at Object.<anonymous> (/Users/muh.firdaus/Documents/Daus/SIB Dicoding/Capstone/kasa-talk-api-v1/src/routes/word.route.js:3:33)
    at Module._compile (node:internal/modules/cjs/loader:1256:14)
 [LOGGER] 2023-12-06 02:42:55.691 PM error : uncaughtException: await is only valid in async functions and the top level bodies of modules
/Users/muh.firdaus/Documents/Daus/SIB Dicoding/Capstone/kasa-talk-api-v1/src/controllers/word.controller.js:185
        await User
        ^^^^^

SyntaxError: await is only valid in async functions and the top level bodies of modules
    at internalCompileFunction (node:internal/vm:73:18)
    at wrapSafe (node:internal/modules/cjs/loader:1178:20)
    at Module._compile (node:internal/modules/cjs/loader:1220:27)
    at Module._extensions..js (node:internal/modules/cjs/loader:1310:10)
    at Module.load (node:internal/modules/cjs/loader:1119:32)
    at Module._load (node:internal/modules/cjs/loader:960:12)
    at Module.require (node:internal/modules/cjs/loader:1143:19)
    at require (node:internal/modules/cjs/helpers:119:18)
    at Object.<anonymous> (/Users/muh.firdaus/Documents/Daus/SIB Dicoding/Capstone/kasa-talk-api-v1/src/routes/word.route.js:3:33)
    at Module._compile (node:internal/modules/cjs/loader:1256:14)
 [LOGGER] 2023-12-06 02:43:01.111 PM error : uncaughtException: await is only valid in async functions and the top level bodies of modules
/Users/muh.firdaus/Documents/Daus/SIB Dicoding/Capstone/kasa-talk-api-v1/src/controllers/word.controller.js:185
        await User.findByPk(data.userId).then((user) => {
        ^^^^^

SyntaxError: await is only valid in async functions and the top level bodies of modules
    at internalCompileFunction (node:internal/vm:73:18)
    at wrapSafe (node:internal/modules/cjs/loader:1178:20)
    at Module._compile (node:internal/modules/cjs/loader:1220:27)
    at Module._extensions..js (node:internal/modules/cjs/loader:1310:10)
    at Module.load (node:internal/modules/cjs/loader:1119:32)
    at Module._load (node:internal/modules/cjs/loader:960:12)
    at Module.require (node:internal/modules/cjs/loader:1143:19)
    at require (node:internal/modules/cjs/helpers:119:18)
    at Object.<anonymous> (/Users/muh.firdaus/Documents/Daus/SIB Dicoding/Capstone/kasa-talk-api-v1/src/routes/word.route.js:3:33)
    at Module._compile (node:internal/modules/cjs/loader:1256:14)
 [LOGGER] 2023-12-06 02:43:03.371 PM error : uncaughtException: await is only valid in async functions and the top level bodies of modules
/Users/muh.firdaus/Documents/Daus/SIB Dicoding/Capstone/kasa-talk-api-v1/src/controllers/word.controller.js:185
        await User.findByPk(data.userId).then((user) => {
        ^^^^^

SyntaxError: await is only valid in async functions and the top level bodies of modules
    at internalCompileFunction (node:internal/vm:73:18)
    at wrapSafe (node:internal/modules/cjs/loader:1178:20)
    at Module._compile (node:internal/modules/cjs/loader:1220:27)
    at Module._extensions..js (node:internal/modules/cjs/loader:1310:10)
    at Module.load (node:internal/modules/cjs/loader:1119:32)
    at Module._load (node:internal/modules/cjs/loader:960:12)
    at Module.require (node:internal/modules/cjs/loader:1143:19)
    at require (node:internal/modules/cjs/helpers:119:18)
    at Object.<anonymous> (/Users/muh.firdaus/Documents/Daus/SIB Dicoding/Capstone/kasa-talk-api-v1/src/routes/word.route.js:3:33)
    at Module._compile (node:internal/modules/cjs/loader:1256:14)
 [LOGGER] 2023-12-06 02:43:20.327 PM error : uncaughtException: await is only valid in async functions and the top level bodies of modules
/Users/muh.firdaus/Documents/Daus/SIB Dicoding/Capstone/kasa-talk-api-v1/src/controllers/word.controller.js:185
        await User.findByPk(data.userId).then((user) => {
        ^^^^^

SyntaxError: await is only valid in async functions and the top level bodies of modules
    at internalCompileFunction (node:internal/vm:73:18)
    at wrapSafe (node:internal/modules/cjs/loader:1178:20)
    at Module._compile (node:internal/modules/cjs/loader:1220:27)
    at Module._extensions..js (node:internal/modules/cjs/loader:1310:10)
    at Module.load (node:internal/modules/cjs/loader:1119:32)
    at Module._load (node:internal/modules/cjs/loader:960:12)
    at Module.require (node:internal/modules/cjs/loader:1143:19)
    at require (node:internal/modules/cjs/helpers:119:18)
    at Object.<anonymous> (/Users/muh.firdaus/Documents/Daus/SIB Dicoding/Capstone/kasa-talk-api-v1/src/routes/word.route.js:3:33)
    at Module._compile (node:internal/modules/cjs/loader:1256:14)
 [LOGGER] 2023-12-06 02:43:30.040 PM error : uncaughtException: await is only valid in async functions and the top level bodies of modules
/Users/muh.firdaus/Documents/Daus/SIB Dicoding/Capstone/kasa-talk-api-v1/src/controllers/word.controller.js:185
        await User.findByPk(data.userId)
        ^^^^^

SyntaxError: await is only valid in async functions and the top level bodies of modules
    at internalCompileFunction (node:internal/vm:73:18)
    at wrapSafe (node:internal/modules/cjs/loader:1178:20)
    at Module._compile (node:internal/modules/cjs/loader:1220:27)
    at Module._extensions..js (node:internal/modules/cjs/loader:1310:10)
    at Module.load (node:internal/modules/cjs/loader:1119:32)
    at Module._load (node:internal/modules/cjs/loader:960:12)
    at Module.require (node:internal/modules/cjs/loader:1143:19)
    at require (node:internal/modules/cjs/helpers:119:18)
    at Object.<anonymous> (/Users/muh.firdaus/Documents/Daus/SIB Dicoding/Capstone/kasa-talk-api-v1/src/routes/word.route.js:3:33)
    at Module._compile (node:internal/modules/cjs/loader:1256:14)
 [LOGGER] 2023-12-06 02:43:31.693 PM error : uncaughtException: await is only valid in async functions and the top level bodies of modules
/Users/muh.firdaus/Documents/Daus/SIB Dicoding/Capstone/kasa-talk-api-v1/src/controllers/word.controller.js:185
        await User.findByPk(data.userId);
        ^^^^^

SyntaxError: await is only valid in async functions and the top level bodies of modules
    at internalCompileFunction (node:internal/vm:73:18)
    at wrapSafe (node:internal/modules/cjs/loader:1178:20)
    at Module._compile (node:internal/modules/cjs/loader:1220:27)
    at Module._extensions..js (node:internal/modules/cjs/loader:1310:10)
    at Module.load (node:internal/modules/cjs/loader:1119:32)
    at Module._load (node:internal/modules/cjs/loader:960:12)
    at Module.require (node:internal/modules/cjs/loader:1143:19)
    at require (node:internal/modules/cjs/helpers:119:18)
    at Object.<anonymous> (/Users/muh.firdaus/Documents/Daus/SIB Dicoding/Capstone/kasa-talk-api-v1/src/routes/word.route.js:3:33)
    at Module._compile (node:internal/modules/cjs/loader:1256:14)
 [LOGGER] 2023-12-06 02:43:38.136 PM error : uncaughtException: Unexpected identifier
/Users/muh.firdaus/Documents/Daus/SIB Dicoding/Capstone/kasa-talk-api-v1/src/controllers/word.controller.js:184
      const userData = async result.map((data) => {
                             ^^^^^^

SyntaxError: Unexpected identifier
    at internalCompileFunction (node:internal/vm:73:18)
    at wrapSafe (node:internal/modules/cjs/loader:1178:20)
    at Module._compile (node:internal/modules/cjs/loader:1220:27)
    at Module._extensions..js (node:internal/modules/cjs/loader:1310:10)
    at Module.load (node:internal/modules/cjs/loader:1119:32)
    at Module._load (node:internal/modules/cjs/loader:960:12)
    at Module.require (node:internal/modules/cjs/loader:1143:19)
    at require (node:internal/modules/cjs/helpers:119:18)
    at Object.<anonymous> (/Users/muh.firdaus/Documents/Daus/SIB Dicoding/Capstone/kasa-talk-api-v1/src/routes/word.route.js:3:33)
    at Module._compile (node:internal/modules/cjs/loader:1256:14)
 [LOGGER] 2023-12-06 02:43:40.348 PM error : uncaughtException: await is only valid in async functions and the top level bodies of modules
/Users/muh.firdaus/Documents/Daus/SIB Dicoding/Capstone/kasa-talk-api-v1/src/controllers/word.controller.js:185
        await User.findByPk(data.userId);
        ^^^^^

SyntaxError: await is only valid in async functions and the top level bodies of modules
    at internalCompileFunction (node:internal/vm:73:18)
    at wrapSafe (node:internal/modules/cjs/loader:1178:20)
    at Module._compile (node:internal/modules/cjs/loader:1220:27)
    at Module._extensions..js (node:internal/modules/cjs/loader:1310:10)
    at Module.load (node:internal/modules/cjs/loader:1119:32)
    at Module._load (node:internal/modules/cjs/loader:960:12)
    at Module.require (node:internal/modules/cjs/loader:1143:19)
    at require (node:internal/modules/cjs/helpers:119:18)
    at Object.<anonymous> (/Users/muh.firdaus/Documents/Daus/SIB Dicoding/Capstone/kasa-talk-api-v1/src/routes/word.route.js:3:33)
    at Module._compile (node:internal/modules/cjs/loader:1256:14)
 [LOGGER] 2023-12-06 02:43:46.958 PM error : uncaughtException: await is only valid in async functions and the top level bodies of modules
/Users/muh.firdaus/Documents/Daus/SIB Dicoding/Capstone/kasa-talk-api-v1/src/controllers/word.controller.js:185
        await User.findByPk(data.userId);
        ^^^^^

SyntaxError: await is only valid in async functions and the top level bodies of modules
    at internalCompileFunction (node:internal/vm:73:18)
    at wrapSafe (node:internal/modules/cjs/loader:1178:20)
    at Module._compile (node:internal/modules/cjs/loader:1220:27)
    at Module._extensions..js (node:internal/modules/cjs/loader:1310:10)
    at Module.load (node:internal/modules/cjs/loader:1119:32)
    at Module._load (node:internal/modules/cjs/loader:960:12)
    at Module.require (node:internal/modules/cjs/loader:1143:19)
    at require (node:internal/modules/cjs/helpers:119:18)
    at Object.<anonymous> (/Users/muh.firdaus/Documents/Daus/SIB Dicoding/Capstone/kasa-talk-api-v1/src/routes/word.route.js:3:33)
    at Module._compile (node:internal/modules/cjs/loader:1256:14)
 [LOGGER] 2023-12-06 02:43:54.876 PM error : uncaughtException: await is only valid in async functions and the top level bodies of modules
/Users/muh.firdaus/Documents/Daus/SIB Dicoding/Capstone/kasa-talk-api-v1/src/controllers/word.controller.js:185
        await User.findByPk(data.userId);
        ^^^^^

SyntaxError: await is only valid in async functions and the top level bodies of modules
    at internalCompileFunction (node:internal/vm:73:18)
    at wrapSafe (node:internal/modules/cjs/loader:1178:20)
    at Module._compile (node:internal/modules/cjs/loader:1220:27)
    at Module._extensions..js (node:internal/modules/cjs/loader:1310:10)
    at Module.load (node:internal/modules/cjs/loader:1119:32)
    at Module._load (node:internal/modules/cjs/loader:960:12)
    at Module.require (node:internal/modules/cjs/loader:1143:19)
    at require (node:internal/modules/cjs/helpers:119:18)
    at Object.<anonymous> (/Users/muh.firdaus/Documents/Daus/SIB Dicoding/Capstone/kasa-talk-api-v1/src/routes/word.route.js:3:33)
    at Module._compile (node:internal/modules/cjs/loader:1256:14)
 [LOGGER] 2023-12-06 02:43:59.159 PM error : uncaughtException: missing ) after argument list
/Users/muh.firdaus/Documents/Daus/SIB Dicoding/Capstone/kasa-talk-api-v1/src/controllers/word.controller.js:184
      const userData = result.map((data) => async {
                                            ^^^^^

SyntaxError: missing ) after argument list
    at internalCompileFunction (node:internal/vm:73:18)
    at wrapSafe (node:internal/modules/cjs/loader:1178:20)
    at Module._compile (node:internal/modules/cjs/loader:1220:27)
    at Module._extensions..js (node:internal/modules/cjs/loader:1310:10)
    at Module.load (node:internal/modules/cjs/loader:1119:32)
    at Module._load (node:internal/modules/cjs/loader:960:12)
    at Module.require (node:internal/modules/cjs/loader:1143:19)
    at require (node:internal/modules/cjs/helpers:119:18)
    at Object.<anonymous> (/Users/muh.firdaus/Documents/Daus/SIB Dicoding/Capstone/kasa-talk-api-v1/src/routes/word.route.js:3:33)
    at Module._compile (node:internal/modules/cjs/loader:1256:14)
 [LOGGER] 2023-12-06 02:44:34.394 PM error : uncaughtException: Unexpected token '}'
/Users/muh.firdaus/Documents/Daus/SIB Dicoding/Capstone/kasa-talk-api-v1/src/controllers/word.controller.js:201
    } else {
    ^

SyntaxError: Unexpected token '}'
    at internalCompileFunction (node:internal/vm:73:18)
    at wrapSafe (node:internal/modules/cjs/loader:1178:20)
    at Module._compile (node:internal/modules/cjs/loader:1220:27)
    at Module._extensions..js (node:internal/modules/cjs/loader:1310:10)
    at Module.load (node:internal/modules/cjs/loader:1119:32)
    at Module._load (node:internal/modules/cjs/loader:960:12)
    at Module.require (node:internal/modules/cjs/loader:1143:19)
    at require (node:internal/modules/cjs/helpers:119:18)
    at Object.<anonymous> (/Users/muh.firdaus/Documents/Daus/SIB Dicoding/Capstone/kasa-talk-api-v1/src/routes/word.route.js:3:33)
    at Module._compile (node:internal/modules/cjs/loader:1256:14)
 [LOGGER] 2023-12-06 02:44:42.915 PM error : uncaughtException: missing ) after argument list
/Users/muh.firdaus/Documents/Daus/SIB Dicoding/Capstone/kasa-talk-api-v1/src/controllers/word.controller.js:200
      }}),
      ^

SyntaxError: missing ) after argument list
    at internalCompileFunction (node:internal/vm:73:18)
    at wrapSafe (node:internal/modules/cjs/loader:1178:20)
    at Module._compile (node:internal/modules/cjs/loader:1220:27)
    at Module._extensions..js (node:internal/modules/cjs/loader:1310:10)
    at Module.load (node:internal/modules/cjs/loader:1119:32)
    at Module._load (node:internal/modules/cjs/loader:960:12)
    at Module.require (node:internal/modules/cjs/loader:1143:19)
    at require (node:internal/modules/cjs/helpers:119:18)
    at Object.<anonymous> (/Users/muh.firdaus/Documents/Daus/SIB Dicoding/Capstone/kasa-talk-api-v1/src/routes/word.route.js:3:33)
    at Module._compile (node:internal/modules/cjs/loader:1256:14)
 [LOGGER] 2023-12-06 02:44:43.630 PM error : uncaughtException: Unexpected token '}'
/Users/muh.firdaus/Documents/Daus/SIB Dicoding/Capstone/kasa-talk-api-v1/src/controllers/word.controller.js:201
    } else {
    ^

SyntaxError: Unexpected token '}'
    at internalCompileFunction (node:internal/vm:73:18)
    at wrapSafe (node:internal/modules/cjs/loader:1178:20)
    at Module._compile (node:internal/modules/cjs/loader:1220:27)
    at Module._extensions..js (node:internal/modules/cjs/loader:1310:10)
    at Module.load (node:internal/modules/cjs/loader:1119:32)
    at Module._load (node:internal/modules/cjs/loader:960:12)
    at Module.require (node:internal/modules/cjs/loader:1143:19)
    at require (node:internal/modules/cjs/helpers:119:18)
    at Object.<anonymous> (/Users/muh.firdaus/Documents/Daus/SIB Dicoding/Capstone/kasa-talk-api-v1/src/routes/word.route.js:3:33)
    at Module._compile (node:internal/modules/cjs/loader:1256:14)
 [LOGGER] 2023-12-06 02:44:45.688 PM error : uncaughtException: Unexpected token '}'
/Users/muh.firdaus/Documents/Daus/SIB Dicoding/Capstone/kasa-talk-api-v1/src/controllers/word.controller.js:201
    }} else {
    ^

SyntaxError: Unexpected token '}'
    at internalCompileFunction (node:internal/vm:73:18)
    at wrapSafe (node:internal/modules/cjs/loader:1178:20)
    at Module._compile (node:internal/modules/cjs/loader:1220:27)
    at Module._extensions..js (node:internal/modules/cjs/loader:1310:10)
    at Module.load (node:internal/modules/cjs/loader:1119:32)
    at Module._load (node:internal/modules/cjs/loader:960:12)
    at Module.require (node:internal/modules/cjs/loader:1143:19)
    at require (node:internal/modules/cjs/helpers:119:18)
    at Object.<anonymous> (/Users/muh.firdaus/Documents/Daus/SIB Dicoding/Capstone/kasa-talk-api-v1/src/routes/word.route.js:3:33)
    at Module._compile (node:internal/modules/cjs/loader:1256:14)
 [LOGGER] 2023-12-06 02:44:46.728 PM error : uncaughtException: Unexpected token '}'
/Users/muh.firdaus/Documents/Daus/SIB Dicoding/Capstone/kasa-talk-api-v1/src/controllers/word.controller.js:201
    } else {
    ^

SyntaxError: Unexpected token '}'
    at internalCompileFunction (node:internal/vm:73:18)
    at wrapSafe (node:internal/modules/cjs/loader:1178:20)
    at Module._compile (node:internal/modules/cjs/loader:1220:27)
    at Module._extensions..js (node:internal/modules/cjs/loader:1310:10)
    at Module.load (node:internal/modules/cjs/loader:1119:32)
    at Module._load (node:internal/modules/cjs/loader:960:12)
    at Module.require (node:internal/modules/cjs/loader:1143:19)
    at require (node:internal/modules/cjs/helpers:119:18)
    at Object.<anonymous> (/Users/muh.firdaus/Documents/Daus/SIB Dicoding/Capstone/kasa-talk-api-v1/src/routes/word.route.js:3:33)
    at Module._compile (node:internal/modules/cjs/loader:1256:14)
 [LOGGER] 2023-12-06 02:44:52.339 PM error : uncaughtException: Unexpected token '}'
/Users/muh.firdaus/Documents/Daus/SIB Dicoding/Capstone/kasa-talk-api-v1/src/controllers/word.controller.js:201
    } else {
    ^

SyntaxError: Unexpected token '}'
    at internalCompileFunction (node:internal/vm:73:18)
    at wrapSafe (node:internal/modules/cjs/loader:1178:20)
    at Module._compile (node:internal/modules/cjs/loader:1220:27)
    at Module._extensions..js (node:internal/modules/cjs/loader:1310:10)
    at Module.load (node:internal/modules/cjs/loader:1119:32)
    at Module._load (node:internal/modules/cjs/loader:960:12)
    at Module.require (node:internal/modules/cjs/loader:1143:19)
    at require (node:internal/modules/cjs/helpers:119:18)
    at Object.<anonymous> (/Users/muh.firdaus/Documents/Daus/SIB Dicoding/Capstone/kasa-talk-api-v1/src/routes/word.route.js:3:33)
    at Module._compile (node:internal/modules/cjs/loader:1256:14)
 [LOGGER] 2023-12-06 02:45:14.093 PM error : uncaughtException: Unexpected token '{'
/Users/muh.firdaus/Documents/Daus/SIB Dicoding/Capstone/kasa-talk-api-v1/src/controllers/word.controller.js:201
    } else if {
              ^

SyntaxError: Unexpected token '{'
    at internalCompileFunction (node:internal/vm:73:18)
    at wrapSafe (node:internal/modules/cjs/loader:1178:20)
    at Module._compile (node:internal/modules/cjs/loader:1220:27)
    at Module._extensions..js (node:internal/modules/cjs/loader:1310:10)
    at Module.load (node:internal/modules/cjs/loader:1119:32)
    at Module._load (node:internal/modules/cjs/loader:960:12)
    at Module.require (node:internal/modules/cjs/loader:1143:19)
    at require (node:internal/modules/cjs/helpers:119:18)
    at Object.<anonymous> (/Users/muh.firdaus/Documents/Daus/SIB Dicoding/Capstone/kasa-talk-api-v1/src/routes/word.route.js:3:33)
    at Module._compile (node:internal/modules/cjs/loader:1256:14)
 [LOGGER] 2023-12-06 02:45:22.657 PM error : uncaughtException: Unexpected token ';'
/Users/muh.firdaus/Documents/Daus/SIB Dicoding/Capstone/kasa-talk-api-v1/src/controllers/word.controller.js:206
      );
       ^

SyntaxError: Unexpected token ';'
    at internalCompileFunction (node:internal/vm:73:18)
    at wrapSafe (node:internal/modules/cjs/loader:1178:20)
    at Module._compile (node:internal/modules/cjs/loader:1220:27)
    at Module._extensions..js (node:internal/modules/cjs/loader:1310:10)
    at Module.load (node:internal/modules/cjs/loader:1119:32)
    at Module._load (node:internal/modules/cjs/loader:960:12)
    at Module.require (node:internal/modules/cjs/loader:1143:19)
    at require (node:internal/modules/cjs/helpers:119:18)
    at Object.<anonymous> (/Users/muh.firdaus/Documents/Daus/SIB Dicoding/Capstone/kasa-talk-api-v1/src/routes/word.route.js:3:33)
    at Module._compile (node:internal/modules/cjs/loader:1256:14)
 [LOGGER] 2023-12-06 02:45:24.220 PM error : uncaughtException: Unexpected token ')'
/Users/muh.firdaus/Documents/Daus/SIB Dicoding/Capstone/kasa-talk-api-v1/src/controllers/word.controller.js:201
    } else if (){
               ^

SyntaxError: Unexpected token ')'
    at internalCompileFunction (node:internal/vm:73:18)
    at wrapSafe (node:internal/modules/cjs/loader:1178:20)
    at Module._compile (node:internal/modules/cjs/loader:1220:27)
    at Module._extensions..js (node:internal/modules/cjs/loader:1310:10)
    at Module.load (node:internal/modules/cjs/loader:1119:32)
    at Module._load (node:internal/modules/cjs/loader:960:12)
    at Module.require (node:internal/modules/cjs/loader:1143:19)
    at require (node:internal/modules/cjs/helpers:119:18)
    at Object.<anonymous> (/Users/muh.firdaus/Documents/Daus/SIB Dicoding/Capstone/kasa-talk-api-v1/src/routes/word.route.js:3:33)
    at Module._compile (node:internal/modules/cjs/loader:1256:14)
 [LOGGER] 2023-12-06 02:45:25.488 PM error : uncaughtException: Unexpected token ')'
/Users/muh.firdaus/Documents/Daus/SIB Dicoding/Capstone/kasa-talk-api-v1/src/controllers/word.controller.js:201
    } else if (!){
                ^

SyntaxError: Unexpected token ')'
    at internalCompileFunction (node:internal/vm:73:18)
    at wrapSafe (node:internal/modules/cjs/loader:1178:20)
    at Module._compile (node:internal/modules/cjs/loader:1220:27)
    at Module._extensions..js (node:internal/modules/cjs/loader:1310:10)
    at Module.load (node:internal/modules/cjs/loader:1119:32)
    at Module._load (node:internal/modules/cjs/loader:960:12)
    at Module.require (node:internal/modules/cjs/loader:1143:19)
    at require (node:internal/modules/cjs/helpers:119:18)
    at Object.<anonymous> (/Users/muh.firdaus/Documents/Daus/SIB Dicoding/Capstone/kasa-talk-api-v1/src/routes/word.route.js:3:33)
    at Module._compile (node:internal/modules/cjs/loader:1256:14)
 [LOGGER] 2023-12-06 02:50:16.775 PM error : controllers/word.controller.js:getAllWord - Cannot read properties of null (reading 'id')
 [LOGGER] 2023-12-06 02:51:13.588 PM error : controllers/word.controller.js:getAllWord - Cannot read properties of null (reading 'name')
 [LOGGER] 2023-12-06 02:53:53.523 PM error : uncaughtException: missing ) after argument list
/Users/muh.firdaus/Documents/Daus/SIB Dicoding/Capstone/kasa-talk-api-v1/src/controllers/word.controller.js:174
        attr
        ^^^^

SyntaxError: missing ) after argument list
    at internalCompileFunction (node:internal/vm:73:18)
    at wrapSafe (node:internal/modules/cjs/loader:1178:20)
    at Module._compile (node:internal/modules/cjs/loader:1220:27)
    at Module._extensions..js (node:internal/modules/cjs/loader:1310:10)
    at Module.load (node:internal/modules/cjs/loader:1119:32)
    at Module._load (node:internal/modules/cjs/loader:960:12)
    at Module.require (node:internal/modules/cjs/loader:1143:19)
    at require (node:internal/modules/cjs/helpers:119:18)
    at Object.<anonymous> (/Users/muh.firdaus/Documents/Daus/SIB Dicoding/Capstone/kasa-talk-api-v1/src/routes/word.route.js:3:33)
    at Module._compile (node:internal/modules/cjs/loader:1256:14)
 [LOGGER] 2023-12-06 02:53:58.523 PM error : uncaughtException: missing ) after argument list
/Users/muh.firdaus/Documents/Daus/SIB Dicoding/Capstone/kasa-talk-api-v1/src/controllers/word.controller.js:174
        attribute
        ^^^^^^^^^

SyntaxError: missing ) after argument list
    at internalCompileFunction (node:internal/vm:73:18)
    at wrapSafe (node:internal/modules/cjs/loader:1178:20)
    at Module._compile (node:internal/modules/cjs/loader:1220:27)
    at Module._extensions..js (node:internal/modules/cjs/loader:1310:10)
    at Module.load (node:internal/modules/cjs/loader:1119:32)
    at Module._load (node:internal/modules/cjs/loader:960:12)
    at Module.require (node:internal/modules/cjs/loader:1143:19)
    at require (node:internal/modules/cjs/helpers:119:18)
    at Object.<anonymous> (/Users/muh.firdaus/Documents/Daus/SIB Dicoding/Capstone/kasa-talk-api-v1/src/routes/word.route.js:3:33)
    at Module._compile (node:internal/modules/cjs/loader:1256:14)
 [LOGGER] 2023-12-06 02:54:10.400 PM error : uncaughtException: Unexpected identifier
/Users/muh.firdaus/Documents/Daus/SIB Dicoding/Capstone/kasa-talk-api-v1/src/controllers/word.controller.js:176
          where: {
          ^^^^^

SyntaxError: Unexpected identifier
    at internalCompileFunction (node:internal/vm:73:18)
    at wrapSafe (node:internal/modules/cjs/loader:1178:20)
    at Module._compile (node:internal/modules/cjs/loader:1220:27)
    at Module._extensions..js (node:internal/modules/cjs/loader:1310:10)
    at Module.load (node:internal/modules/cjs/loader:1119:32)
    at Module._load (node:internal/modules/cjs/loader:960:12)
    at Module.require (node:internal/modules/cjs/loader:1143:19)
    at require (node:internal/modules/cjs/helpers:119:18)
    at Object.<anonymous> (/Users/muh.firdaus/Documents/Daus/SIB Dicoding/Capstone/kasa-talk-api-v1/src/routes/word.route.js:3:33)
    at Module._compile (node:internal/modules/cjs/loader:1256:14)
 [LOGGER] 2023-12-06 02:54:25.893 PM error : uncaughtException: Unexpected identifier
/Users/muh.firdaus/Documents/Daus/SIB Dicoding/Capstone/kasa-talk-api-v1/src/controllers/word.controller.js:175
          attributes: ['id', 'indonesia', 'sasak'audioUrl', 'status'],
                                                 ^^^^^^^^

SyntaxError: Unexpected identifier
    at internalCompileFunction (node:internal/vm:73:18)
    at wrapSafe (node:internal/modules/cjs/loader:1178:20)
    at Module._compile (node:internal/modules/cjs/loader:1220:27)
    at Module._extensions..js (node:internal/modules/cjs/loader:1310:10)
    at Module.load (node:internal/modules/cjs/loader:1119:32)
    at Module._load (node:internal/modules/cjs/loader:960:12)
    at Module.require (node:internal/modules/cjs/loader:1143:19)
    at require (node:internal/modules/cjs/helpers:119:18)
    at Object.<anonymous> (/Users/muh.firdaus/Documents/Daus/SIB Dicoding/Capstone/kasa-talk-api-v1/src/routes/word.route.js:3:33)
    at Module._compile (node:internal/modules/cjs/loader:1256:14)
 [LOGGER] 2023-12-06 02:54:27.289 PM error : uncaughtException: Unexpected string
/Users/muh.firdaus/Documents/Daus/SIB Dicoding/Capstone/kasa-talk-api-v1/src/controllers/word.controller.js:175
          attributes: ['id', 'indonesia', 'sasak', audioUrl', 'status'],
                                                           ^^^^

SyntaxError: Unexpected string
    at internalCompileFunction (node:internal/vm:73:18)
    at wrapSafe (node:internal/modules/cjs/loader:1178:20)
    at Module._compile (node:internal/modules/cjs/loader:1220:27)
    at Module._extensions..js (node:internal/modules/cjs/loader:1310:10)
    at Module.load (node:internal/modules/cjs/loader:1119:32)
    at Module._load (node:internal/modules/cjs/loader:960:12)
    at Module.require (node:internal/modules/cjs/loader:1143:19)
    at require (node:internal/modules/cjs/helpers:119:18)
    at Object.<anonymous> (/Users/muh.firdaus/Documents/Daus/SIB Dicoding/Capstone/kasa-talk-api-v1/src/routes/word.route.js:3:33)
    at Module._compile (node:internal/modules/cjs/loader:1256:14)
 [LOGGER] 2023-12-06 02:58:51.619 PM error : uncaughtException: Unexpected token ')'
/Users/muh.firdaus/Documents/Daus/SIB Dicoding/Capstone/kasa-talk-api-v1/src/controllers/word.controller.js:172
    if (req.query.status===) {
                           ^

SyntaxError: Unexpected token ')'
    at internalCompileFunction (node:internal/vm:73:18)
    at wrapSafe (node:internal/modules/cjs/loader:1178:20)
    at Module._compile (node:internal/modules/cjs/loader:1220:27)
    at Module._extensions..js (node:internal/modules/cjs/loader:1310:10)
    at Module.load (node:internal/modules/cjs/loader:1119:32)
    at Module._load (node:internal/modules/cjs/loader:960:12)
    at Module.require (node:internal/modules/cjs/loader:1143:19)
    at require (node:internal/modules/cjs/helpers:119:18)
    at Object.<anonymous> (/Users/muh.firdaus/Documents/Daus/SIB Dicoding/Capstone/kasa-talk-api-v1/src/routes/word.route.js:3:33)
    at Module._compile (node:internal/modules/cjs/loader:1256:14)
 [LOGGER] 2023-12-06 03:01:12.267 PM error : uncaughtException: Unexpected token ':'
/Users/muh.firdaus/Documents/Daus/SIB Dicoding/Capstone/kasa-talk-api-v1/src/controllers/word.controller.js:192
            user: userData,
                ^

SyntaxError: Unexpected token ':'
    at internalCompileFunction (node:internal/vm:73:18)
    at wrapSafe (node:internal/modules/cjs/loader:1178:20)
    at Module._compile (node:internal/modules/cjs/loader:1220:27)
    at Module._extensions..js (node:internal/modules/cjs/loader:1310:10)
    at Module.load (node:internal/modules/cjs/loader:1119:32)
    at Module._load (node:internal/modules/cjs/loader:960:12)
    at Module.require (node:internal/modules/cjs/loader:1143:19)
    at require (node:internal/modules/cjs/helpers:119:18)
    at Object.<anonymous> (/Users/muh.firdaus/Documents/Daus/SIB Dicoding/Capstone/kasa-talk-api-v1/src/routes/word.route.js:3:33)
    at Module._compile (node:internal/modules/cjs/loader:1256:14)
 [LOGGER] 2023-12-06 03:01:39.434 PM error : uncaughtException: Unexpected token ':'
/Users/muh.firdaus/Documents/Daus/SIB Dicoding/Capstone/kasa-talk-api-v1/src/controllers/word.controller.js:193
            user: userData,
                ^

SyntaxError: Unexpected token ':'
    at internalCompileFunction (node:internal/vm:73:18)
    at wrapSafe (node:internal/modules/cjs/loader:1178:20)
    at Module._compile (node:internal/modules/cjs/loader:1220:27)
    at Module._extensions..js (node:internal/modules/cjs/loader:1310:10)
    at Module.load (node:internal/modules/cjs/loader:1119:32)
    at Module._load (node:internal/modules/cjs/loader:960:12)
    at Module.require (node:internal/modules/cjs/loader:1143:19)
    at require (node:internal/modules/cjs/helpers:119:18)
    at Object.<anonymous> (/Users/muh.firdaus/Documents/Daus/SIB Dicoding/Capstone/kasa-talk-api-v1/src/routes/word.route.js:3:33)
    at Module._compile (node:internal/modules/cjs/loader:1256:14)
 [LOGGER] 2023-12-06 03:01:44.905 PM error : uncaughtException: Unexpected identifier
/Users/muh.firdaus/Documents/Daus/SIB Dicoding/Capstone/kasa-talk-api-v1/src/controllers/word.controller.js:194
            user: userData,
            ^^^^

SyntaxError: Unexpected identifier
    at internalCompileFunction (node:internal/vm:73:18)
    at wrapSafe (node:internal/modules/cjs/loader:1178:20)
    at Module._compile (node:internal/modules/cjs/loader:1220:27)
    at Module._extensions..js (node:internal/modules/cjs/loader:1310:10)
    at Module.load (node:internal/modules/cjs/loader:1119:32)
    at Module._load (node:internal/modules/cjs/loader:960:12)
    at Module.require (node:internal/modules/cjs/loader:1143:19)
    at require (node:internal/modules/cjs/helpers:119:18)
    at Object.<anonymous> (/Users/muh.firdaus/Documents/Daus/SIB Dicoding/Capstone/kasa-talk-api-v1/src/routes/word.route.js:3:33)
    at Module._compile (node:internal/modules/cjs/loader:1256:14)
 [LOGGER] 2023-12-06 03:01:58.971 PM error : uncaughtException: Unexpected identifier
/Users/muh.firdaus/Documents/Daus/SIB Dicoding/Capstone/kasa-talk-api-v1/src/controllers/word.controller.js:197
            user: userData,
            ^^^^

SyntaxError: Unexpected identifier
    at internalCompileFunction (node:internal/vm:73:18)
    at wrapSafe (node:internal/modules/cjs/loader:1178:20)
    at Module._compile (node:internal/modules/cjs/loader:1220:27)
    at Module._extensions..js (node:internal/modules/cjs/loader:1310:10)
    at Module.load (node:internal/modules/cjs/loader:1119:32)
    at Module._load (node:internal/modules/cjs/loader:960:12)
    at Module.require (node:internal/modules/cjs/loader:1143:19)
    at require (node:internal/modules/cjs/helpers:119:18)
    at Object.<anonymous> (/Users/muh.firdaus/Documents/Daus/SIB Dicoding/Capstone/kasa-talk-api-v1/src/routes/word.route.js:3:33)
    at Module._compile (node:internal/modules/cjs/loader:1256:14)
 [LOGGER] 2023-12-06 03:02:13.890 PM error : uncaughtException: Unexpected identifier
/Users/muh.firdaus/Documents/Daus/SIB Dicoding/Capstone/kasa-talk-api-v1/src/controllers/word.controller.js:199
            user: userData,
            ^^^^

SyntaxError: Unexpected identifier
    at internalCompileFunction (node:internal/vm:73:18)
    at wrapSafe (node:internal/modules/cjs/loader:1178:20)
    at Module._compile (node:internal/modules/cjs/loader:1220:27)
    at Module._extensions..js (node:internal/modules/cjs/loader:1310:10)
    at Module.load (node:internal/modules/cjs/loader:1119:32)
    at Module._load (node:internal/modules/cjs/loader:960:12)
    at Module.require (node:internal/modules/cjs/loader:1143:19)
    at require (node:internal/modules/cjs/helpers:119:18)
    at Object.<anonymous> (/Users/muh.firdaus/Documents/Daus/SIB Dicoding/Capstone/kasa-talk-api-v1/src/routes/word.route.js:3:33)
    at Module._compile (node:internal/modules/cjs/loader:1256:14)
 [LOGGER] 2023-12-06 03:02:29.449 PM error : uncaughtException: Unexpected identifier
/Users/muh.firdaus/Documents/Daus/SIB Dicoding/Capstone/kasa-talk-api-v1/src/controllers/word.controller.js:200
            user: userData,
            ^^^^

SyntaxError: Unexpected identifier
    at internalCompileFunction (node:internal/vm:73:18)
    at wrapSafe (node:internal/modules/cjs/loader:1178:20)
    at Module._compile (node:internal/modules/cjs/loader:1220:27)
    at Module._extensions..js (node:internal/modules/cjs/loader:1310:10)
    at Module.load (node:internal/modules/cjs/loader:1119:32)
    at Module._load (node:internal/modules/cjs/loader:960:12)
    at Module.require (node:internal/modules/cjs/loader:1143:19)
    at require (node:internal/modules/cjs/helpers:119:18)
    at Object.<anonymous> (/Users/muh.firdaus/Documents/Daus/SIB Dicoding/Capstone/kasa-talk-api-v1/src/routes/word.route.js:3:33)
    at Module._compile (node:internal/modules/cjs/loader:1256:14)
 [LOGGER] 2023-12-06 03:02:38.113 PM error : uncaughtException: Unexpected identifier
/Users/muh.firdaus/Documents/Daus/SIB Dicoding/Capstone/kasa-talk-api-v1/src/controllers/word.controller.js:200
            user: userData,
            ^^^^

SyntaxError: Unexpected identifier
    at internalCompileFunction (node:internal/vm:73:18)
    at wrapSafe (node:internal/modules/cjs/loader:1178:20)
    at Module._compile (node:internal/modules/cjs/loader:1220:27)
    at Module._extensions..js (node:internal/modules/cjs/loader:1310:10)
    at Module.load (node:internal/modules/cjs/loader:1119:32)
    at Module._load (node:internal/modules/cjs/loader:960:12)
    at Module.require (node:internal/modules/cjs/loader:1143:19)
    at require (node:internal/modules/cjs/helpers:119:18)
    at Object.<anonymous> (/Users/muh.firdaus/Documents/Daus/SIB Dicoding/Capstone/kasa-talk-api-v1/src/routes/word.route.js:3:33)
    at Module._compile (node:internal/modules/cjs/loader:1256:14)
 [LOGGER] 2023-12-06 03:02:43.544 PM error : uncaughtException: Unexpected token ':'
/Users/muh.firdaus/Documents/Daus/SIB Dicoding/Capstone/kasa-talk-api-v1/src/controllers/word.controller.js:200
            user: userData,
                ^

SyntaxError: Unexpected token ':'
    at internalCompileFunction (node:internal/vm:73:18)
    at wrapSafe (node:internal/modules/cjs/loader:1178:20)
    at Module._compile (node:internal/modules/cjs/loader:1220:27)
    at Module._extensions..js (node:internal/modules/cjs/loader:1310:10)
    at Module.load (node:internal/modules/cjs/loader:1119:32)
    at Module._load (node:internal/modules/cjs/loader:960:12)
    at Module.require (node:internal/modules/cjs/loader:1143:19)
    at require (node:internal/modules/cjs/helpers:119:18)
    at Object.<anonymous> (/Users/muh.firdaus/Documents/Daus/SIB Dicoding/Capstone/kasa-talk-api-v1/src/routes/word.route.js:3:33)
    at Module._compile (node:internal/modules/cjs/loader:1256:14)
 [LOGGER] 2023-12-06 03:02:54.861 PM error : uncaughtException: Unexpected identifier
/Users/muh.firdaus/Documents/Daus/SIB Dicoding/Capstone/kasa-talk-api-v1/src/controllers/word.controller.js:201
            user: userData,
            ^^^^

SyntaxError: Unexpected identifier
    at internalCompileFunction (node:internal/vm:73:18)
    at wrapSafe (node:internal/modules/cjs/loader:1178:20)
    at Module._compile (node:internal/modules/cjs/loader:1220:27)
    at Module._extensions..js (node:internal/modules/cjs/loader:1310:10)
    at Module.load (node:internal/modules/cjs/loader:1119:32)
    at Module._load (node:internal/modules/cjs/loader:960:12)
    at Module.require (node:internal/modules/cjs/loader:1143:19)
    at require (node:internal/modules/cjs/helpers:119:18)
    at Object.<anonymous> (/Users/muh.firdaus/Documents/Daus/SIB Dicoding/Capstone/kasa-talk-api-v1/src/routes/word.route.js:3:33)
    at Module._compile (node:internal/modules/cjs/loader:1256:14)
 [LOGGER] 2023-12-06 05:31:26.082 PM error : uncaughtException: Unexpected token ')'
/Users/muh.firdaus/Documents/Daus/SIB Dicoding/Capstone/kasa-talk-api-v1/src/controllers/word.controller.js:203
    } else if (req.query.status === 'active' || ) {
                                                ^

SyntaxError: Unexpected token ')'
    at internalCompileFunction (node:internal/vm:73:18)
    at wrapSafe (node:internal/modules/cjs/loader:1178:20)
    at Module._compile (node:internal/modules/cjs/loader:1220:27)
    at Module._extensions..js (node:internal/modules/cjs/loader:1310:10)
    at Module.load (node:internal/modules/cjs/loader:1119:32)
    at Module._load (node:internal/modules/cjs/loader:960:12)
    at Module.require (node:internal/modules/cjs/loader:1143:19)
    at require (node:internal/modules/cjs/helpers:119:18)
    at Object.<anonymous> (/Users/muh.firdaus/Documents/Daus/SIB Dicoding/Capstone/kasa-talk-api-v1/src/routes/word.route.js:3:33)
    at Module._compile (node:internal/modules/cjs/loader:1256:14)
 [LOGGER] 2023-12-06 05:31:29.238 PM error : uncaughtException: Invalid or unexpected token
/Users/muh.firdaus/Documents/Daus/SIB Dicoding/Capstone/kasa-talk-api-v1/src/controllers/word.controller.js:203
    } else if (req.query.status === 'active' || req.query.status === ') {
                                                                     ^^^^

SyntaxError: Invalid or unexpected token
    at internalCompileFunction (node:internal/vm:73:18)
    at wrapSafe (node:internal/modules/cjs/loader:1178:20)
    at Module._compile (node:internal/modules/cjs/loader:1220:27)
    at Module._extensions..js (node:internal/modules/cjs/loader:1310:10)
    at Module.load (node:internal/modules/cjs/loader:1119:32)
    at Module._load (node:internal/modules/cjs/loader:960:12)
    at Module.require (node:internal/modules/cjs/loader:1143:19)
    at require (node:internal/modules/cjs/helpers:119:18)
    at Object.<anonymous> (/Users/muh.firdaus/Documents/Daus/SIB Dicoding/Capstone/kasa-talk-api-v1/src/routes/word.route.js:3:33)
    at Module._compile (node:internal/modules/cjs/loader:1256:14)
 [LOGGER] 2023-12-06 05:32:18.667 PM error : uncaughtException: missing ) after argument list
/Users/muh.firdaus/Documents/Daus/SIB Dicoding/Capstone/kasa-talk-api-v1/src/controllers/word.controller.js:209
        }
        ^

SyntaxError: missing ) after argument list
    at internalCompileFunction (node:internal/vm:73:18)
    at wrapSafe (node:internal/modules/cjs/loader:1178:20)
    at Module._compile (node:internal/modules/cjs/loader:1220:27)
    at Module._extensions..js (node:internal/modules/cjs/loader:1310:10)
    at Module.load (node:internal/modules/cjs/loader:1119:32)
    at Module._load (node:internal/modules/cjs/loader:960:12)
    at Module.require (node:internal/modules/cjs/loader:1143:19)
    at require (node:internal/modules/cjs/helpers:119:18)
    at Object.<anonymous> (/Users/muh.firdaus/Documents/Daus/SIB Dicoding/Capstone/kasa-talk-api-v1/src/routes/word.route.js:3:33)
    at Module._compile (node:internal/modules/cjs/loader:1256:14)
 [LOGGER] 2023-12-06 06:05:23.427 PM error : uncaughtException: Unexpected token 'const'
/Users/muh.firdaus/Documents/Daus/SIB Dicoding/Capstone/kasa-talk-api-v1/src/controllers/word.controller.js:277
    const result = await Kata.destroy({
    ^^^^^

SyntaxError: Unexpected token 'const'
    at internalCompileFunction (node:internal/vm:73:18)
    at wrapSafe (node:internal/modules/cjs/loader:1178:20)
    at Module._compile (node:internal/modules/cjs/loader:1220:27)
    at Module._extensions..js (node:internal/modules/cjs/loader:1310:10)
    at Module.load (node:internal/modules/cjs/loader:1119:32)
    at Module._load (node:internal/modules/cjs/loader:960:12)
    at Module.require (node:internal/modules/cjs/loader:1143:19)
    at require (node:internal/modules/cjs/helpers:119:18)
    at Object.<anonymous> (/Users/muh.firdaus/Documents/Daus/SIB Dicoding/Capstone/kasa-talk-api-v1/src/routes/word.route.js:3:45)
    at Module._compile (node:internal/modules/cjs/loader:1256:14)
 [LOGGER] 2023-12-06 06:21:06.748 PM error : uncaughtException: Unexpected token '}'
/Users/muh.firdaus/Documents/Daus/SIB Dicoding/Capstone/kasa-talk-api-v1/src/controllers/word.controller.js:293
  }  
  ^

SyntaxError: Unexpected token '}'
    at internalCompileFunction (node:internal/vm:73:18)
    at wrapSafe (node:internal/modules/cjs/loader:1178:20)
    at Module._compile (node:internal/modules/cjs/loader:1220:27)
    at Module._extensions..js (node:internal/modules/cjs/loader:1310:10)
    at Module.load (node:internal/modules/cjs/loader:1119:32)
    at Module._load (node:internal/modules/cjs/loader:960:12)
    at Module.require (node:internal/modules/cjs/loader:1143:19)
    at require (node:internal/modules/cjs/helpers:119:18)
    at Object.<anonymous> (/Users/muh.firdaus/Documents/Daus/SIB Dicoding/Capstone/kasa-talk-api-v1/src/routes/word.route.js:5:5)
    at Module._compile (node:internal/modules/cjs/loader:1256:14)
 [LOGGER] 2023-12-06 06:26:40.905 PM error : uncaughtException: Unexpected token ','
/Users/muh.firdaus/Documents/Daus/SIB Dicoding/Capstone/kasa-talk-api-v1/src/controllers/word.controller.js:273
        indonesia: ,
                   ^

SyntaxError: Unexpected token ','
    at internalCompileFunction (node:internal/vm:73:18)
    at wrapSafe (node:internal/modules/cjs/loader:1178:20)
    at Module._compile (node:internal/modules/cjs/loader:1220:27)
    at Module._extensions..js (node:internal/modules/cjs/loader:1310:10)
    at Module.load (node:internal/modules/cjs/loader:1119:32)
    at Module._load (node:internal/modules/cjs/loader:960:12)
    at Module.require (node:internal/modules/cjs/loader:1143:19)
    at require (node:internal/modules/cjs/helpers:119:18)
    at Object.<anonymous> (/Users/muh.firdaus/Documents/Daus/SIB Dicoding/Capstone/kasa-talk-api-v1/src/routes/word.route.js:5:5)
    at Module._compile (node:internal/modules/cjs/loader:1256:14)
 [LOGGER] 2023-12-06 06:26:45.281 PM error : uncaughtException: Unexpected token '%'
/Users/muh.firdaus/Documents/Daus/SIB Dicoding/Capstone/kasa-talk-api-v1/src/controllers/word.controller.js:273
        indonesia: %,
                   ^

SyntaxError: Unexpected token '%'
    at internalCompileFunction (node:internal/vm:73:18)
    at wrapSafe (node:internal/modules/cjs/loader:1178:20)
    at Module._compile (node:internal/modules/cjs/loader:1220:27)
    at Module._extensions..js (node:internal/modules/cjs/loader:1310:10)
    at Module.load (node:internal/modules/cjs/loader:1119:32)
    at Module._load (node:internal/modules/cjs/loader:960:12)
    at Module.require (node:internal/modules/cjs/loader:1143:19)
    at require (node:internal/modules/cjs/helpers:119:18)
    at Object.<anonymous> (/Users/muh.firdaus/Documents/Daus/SIB Dicoding/Capstone/kasa-talk-api-v1/src/routes/word.route.js:5:5)
    at Module._compile (node:internal/modules/cjs/loader:1256:14)
 [LOGGER] 2023-12-06 06:26:47.051 PM error : uncaughtException: Unexpected token '%'
/Users/muh.firdaus/Documents/Daus/SIB Dicoding/Capstone/kasa-talk-api-v1/src/controllers/word.controller.js:273
        indonesia: %{word%},
                   ^

SyntaxError: Unexpected token '%'
    at internalCompileFunction (node:internal/vm:73:18)
    at wrapSafe (node:internal/modules/cjs/loader:1178:20)
    at Module._compile (node:internal/modules/cjs/loader:1220:27)
    at Module._extensions..js (node:internal/modules/cjs/loader:1310:10)
    at Module.load (node:internal/modules/cjs/loader:1119:32)
    at Module._load (node:internal/modules/cjs/loader:960:12)
    at Module.require (node:internal/modules/cjs/loader:1143:19)
    at require (node:internal/modules/cjs/helpers:119:18)
    at Object.<anonymous> (/Users/muh.firdaus/Documents/Daus/SIB Dicoding/Capstone/kasa-talk-api-v1/src/routes/word.route.js:5:5)
    at Module._compile (node:internal/modules/cjs/loader:1256:14)
 [LOGGER] 2023-12-06 06:26:50.778 PM error : uncaughtException: Unexpected token '%'
/Users/muh.firdaus/Documents/Daus/SIB Dicoding/Capstone/kasa-talk-api-v1/src/controllers/word.controller.js:273
        indonesia: {word%},
                        ^

SyntaxError: Unexpected token '%'
    at internalCompileFunction (node:internal/vm:73:18)
    at wrapSafe (node:internal/modules/cjs/loader:1178:20)
    at Module._compile (node:internal/modules/cjs/loader:1220:27)
    at Module._extensions..js (node:internal/modules/cjs/loader:1310:10)
    at Module.load (node:internal/modules/cjs/loader:1119:32)
    at Module._load (node:internal/modules/cjs/loader:960:12)
    at Module.require (node:internal/modules/cjs/loader:1143:19)
    at require (node:internal/modules/cjs/helpers:119:18)
    at Object.<anonymous> (/Users/muh.firdaus/Documents/Daus/SIB Dicoding/Capstone/kasa-talk-api-v1/src/routes/word.route.js:5:5)
    at Module._compile (node:internal/modules/cjs/loader:1256:14)
 [LOGGER] 2023-12-06 06:26:59.437 PM error : uncaughtException: Unexpected token '%'
/Users/muh.firdaus/Documents/Daus/SIB Dicoding/Capstone/kasa-talk-api-v1/src/controllers/word.controller.js:273
        indonesia: {%word%},
                    ^

SyntaxError: Unexpected token '%'
    at internalCompileFunction (node:internal/vm:73:18)
    at wrapSafe (node:internal/modules/cjs/loader:1178:20)
    at Module._compile (node:internal/modules/cjs/loader:1220:27)
    at Module._extensions..js (node:internal/modules/cjs/loader:1310:10)
    at Module.load (node:internal/modules/cjs/loader:1119:32)
    at Module._load (node:internal/modules/cjs/loader:960:12)
    at Module.require (node:internal/modules/cjs/loader:1143:19)
    at require (node:internal/modules/cjs/helpers:119:18)
    at Object.<anonymous> (/Users/muh.firdaus/Documents/Daus/SIB Dicoding/Capstone/kasa-talk-api-v1/src/routes/word.route.js:5:5)
    at Module._compile (node:internal/modules/cjs/loader:1256:14)
 [LOGGER] 2023-12-06 06:27:04.629 PM error : uncaughtException: Unexpected token '%'
/Users/muh.firdaus/Documents/Daus/SIB Dicoding/Capstone/kasa-talk-api-v1/src/controllers/word.controller.js:273
        indonesia: %word%},
                   ^

SyntaxError: Unexpected token '%'
    at internalCompileFunction (node:internal/vm:73:18)
    at wrapSafe (node:internal/modules/cjs/loader:1178:20)
    at Module._compile (node:internal/modules/cjs/loader:1220:27)
    at Module._extensions..js (node:internal/modules/cjs/loader:1310:10)
    at Module.load (node:internal/modules/cjs/loader:1119:32)
    at Module._load (node:internal/modules/cjs/loader:960:12)
    at Module.require (node:internal/modules/cjs/loader:1143:19)
    at require (node:internal/modules/cjs/helpers:119:18)
    at Object.<anonymous> (/Users/muh.firdaus/Documents/Daus/SIB Dicoding/Capstone/kasa-talk-api-v1/src/routes/word.route.js:5:5)
    at Module._compile (node:internal/modules/cjs/loader:1256:14)
 [LOGGER] 2023-12-06 06:27:12.037 PM error : uncaughtException: Unexpected token '%'
/Users/muh.firdaus/Documents/Daus/SIB Dicoding/Capstone/kasa-talk-api-v1/src/controllers/word.controller.js:273
        indonesia: %word%,
                   ^

SyntaxError: Unexpected token '%'
    at internalCompileFunction (node:internal/vm:73:18)
    at wrapSafe (node:internal/modules/cjs/loader:1178:20)
    at Module._compile (node:internal/modules/cjs/loader:1220:27)
    at Module._extensions..js (node:internal/modules/cjs/loader:1310:10)
    at Module.load (node:internal/modules/cjs/loader:1119:32)
    at Module._load (node:internal/modules/cjs/loader:960:12)
    at Module.require (node:internal/modules/cjs/loader:1143:19)
    at require (node:internal/modules/cjs/helpers:119:18)
    at Object.<anonymous> (/Users/muh.firdaus/Documents/Daus/SIB Dicoding/Capstone/kasa-talk-api-v1/src/routes/word.route.js:5:5)
    at Module._compile (node:internal/modules/cjs/loader:1256:14)
 [LOGGER] 2023-12-06 06:27:16.513 PM error : uncaughtException: Unexpected token ','
/Users/muh.firdaus/Documents/Daus/SIB Dicoding/Capstone/kasa-talk-api-v1/src/controllers/word.controller.js:273
        indonesia: word%,
                        ^

SyntaxError: Unexpected token ','
    at internalCompileFunction (node:internal/vm:73:18)
    at wrapSafe (node:internal/modules/cjs/loader:1178:20)
    at Module._compile (node:internal/modules/cjs/loader:1220:27)
    at Module._extensions..js (node:internal/modules/cjs/loader:1310:10)
    at Module.load (node:internal/modules/cjs/loader:1119:32)
    at Module._load (node:internal/modules/cjs/loader:960:12)
    at Module.require (node:internal/modules/cjs/loader:1143:19)
    at require (node:internal/modules/cjs/helpers:119:18)
    at Object.<anonymous> (/Users/muh.firdaus/Documents/Daus/SIB Dicoding/Capstone/kasa-talk-api-v1/src/routes/word.route.js:5:5)
    at Module._compile (node:internal/modules/cjs/loader:1256:14)
 [LOGGER] 2023-12-06 06:29:04.021 PM error : uncaughtException: Missing initializer in destructuring declaration
/Users/muh.firdaus/Documents/Daus/SIB Dicoding/Capstone/kasa-talk-api-v1/src/controllers/word.controller.js:2
const { Op }
      ^^^^^^

SyntaxError: Missing initializer in destructuring declaration
    at internalCompileFunction (node:internal/vm:73:18)
    at wrapSafe (node:internal/modules/cjs/loader:1178:20)
    at Module._compile (node:internal/modules/cjs/loader:1220:27)
    at Module._extensions..js (node:internal/modules/cjs/loader:1310:10)
    at Module.load (node:internal/modules/cjs/loader:1119:32)
    at Module._load (node:internal/modules/cjs/loader:960:12)
    at Module.require (node:internal/modules/cjs/loader:1143:19)
    at require (node:internal/modules/cjs/helpers:119:18)
    at Object.<anonymous> (/Users/muh.firdaus/Documents/Daus/SIB Dicoding/Capstone/kasa-talk-api-v1/src/routes/word.route.js:5:5)
    at Module._compile (node:internal/modules/cjs/loader:1256:14)
 [LOGGER] 2023-12-06 06:29:07.368 PM error : uncaughtException: reque is not defined
ReferenceError: reque is not defined
    at Object.<anonymous> (/Users/muh.firdaus/Documents/Daus/SIB Dicoding/Capstone/kasa-talk-api-v1/src/controllers/word.controller.js:2:16)
    at Module._compile (node:internal/modules/cjs/loader:1256:14)
    at Module._extensions..js (node:internal/modules/cjs/loader:1310:10)
    at Module.load (node:internal/modules/cjs/loader:1119:32)
    at Module._load (node:internal/modules/cjs/loader:960:12)
    at Module.require (node:internal/modules/cjs/loader:1143:19)
    at require (node:internal/modules/cjs/helpers:119:18)
    at Object.<anonymous> (/Users/muh.firdaus/Documents/Daus/SIB Dicoding/Capstone/kasa-talk-api-v1/src/routes/word.route.js:5:5)
    at Module._compile (node:internal/modules/cjs/loader:1256:14)
    at Module._extensions..js (node:internal/modules/cjs/loader:1310:10)
 [LOGGER] 2023-12-06 06:33:34.444 PM error : uncaughtException: Unexpected token 'return'
/Users/muh.firdaus/Documents/Daus/SIB Dicoding/Capstone/kasa-talk-api-v1/src/controllers/word.controller.js:291
    return res.status(200).json({
    ^^^^^^

SyntaxError: Unexpected token 'return'
    at internalCompileFunction (node:internal/vm:73:18)
    at wrapSafe (node:internal/modules/cjs/loader:1178:20)
    at Module._compile (node:internal/modules/cjs/loader:1220:27)
    at Module._extensions..js (node:internal/modules/cjs/loader:1310:10)
    at Module.load (node:internal/modules/cjs/loader:1119:32)
    at Module._load (node:internal/modules/cjs/loader:960:12)
    at Module.require (node:internal/modules/cjs/loader:1143:19)
    at require (node:internal/modules/cjs/helpers:119:18)
    at Object.<anonymous> (/Users/muh.firdaus/Documents/Daus/SIB Dicoding/Capstone/kasa-talk-api-v1/src/routes/word.route.js:5:5)
    at Module._compile (node:internal/modules/cjs/loader:1256:14)
 [LOGGER] 2023-12-06 06:54:47.138 PM error : uncaughtException: Invalid or unexpected token
/Users/muh.firdaus/Documents/Daus/SIB Dicoding/Capstone/kasa-talk-api-v1/src/controllers/word.controller.js:281
    if (indo === 'true) {
                 ^^^^^^^^

SyntaxError: Invalid or unexpected token
    at internalCompileFunction (node:internal/vm:73:18)
    at wrapSafe (node:internal/modules/cjs/loader:1178:20)
    at Module._compile (node:internal/modules/cjs/loader:1220:27)
    at Module._extensions..js (node:internal/modules/cjs/loader:1310:10)
    at Module.load (node:internal/modules/cjs/loader:1119:32)
    at Module._load (node:internal/modules/cjs/loader:960:12)
    at Module.require (node:internal/modules/cjs/loader:1143:19)
    at require (node:internal/modules/cjs/helpers:119:18)
    at Object.<anonymous> (/Users/muh.firdaus/Documents/Daus/SIB Dicoding/Capstone/kasa-talk-api-v1/src/routes/word.route.js:5:5)
    at Module._compile (node:internal/modules/cjs/loader:1256:14)
 [LOGGER] 2023-12-06 06:54:51.704 PM error : uncaughtException: Invalid or unexpected token
/Users/muh.firdaus/Documents/Daus/SIB Dicoding/Capstone/kasa-talk-api-v1/src/controllers/word.controller.js:291
    } else if (indo === 'false) {
                        ^^^^^^^^^

SyntaxError: Invalid or unexpected token
    at internalCompileFunction (node:internal/vm:73:18)
    at wrapSafe (node:internal/modules/cjs/loader:1178:20)
    at Module._compile (node:internal/modules/cjs/loader:1220:27)
    at Module._extensions..js (node:internal/modules/cjs/loader:1310:10)
    at Module.load (node:internal/modules/cjs/loader:1119:32)
    at Module._load (node:internal/modules/cjs/loader:960:12)
    at Module.require (node:internal/modules/cjs/loader:1143:19)
    at require (node:internal/modules/cjs/helpers:119:18)
    at Object.<anonymous> (/Users/muh.firdaus/Documents/Daus/SIB Dicoding/Capstone/kasa-talk-api-v1/src/routes/word.route.js:5:5)
    at Module._compile (node:internal/modules/cjs/loader:1256:14)
