 [LOGGER] 2024-04-18 06:21:59.767 PM error : uncaughtException: Cannot find module '../config/firebase.config'
Require stack:
- /Users/muh.firdaus/Documents/Daus/SIB Dicoding/Capstone/kasa-talk-api-v1/src/middleware/multer.js
- /Users/muh.firdaus/Documents/Daus/SIB Dicoding/Capstone/kasa-talk-api-v1/src/controllers/user.controller.js
- /Users/muh.firdaus/Documents/Daus/SIB Dicoding/Capstone/kasa-talk-api-v1/src/routes/user.route.js
- /Users/muh.firdaus/Documents/Daus/SIB Dicoding/Capstone/kasa-talk-api-v1/src/routes/index.js
- /Users/muh.firdaus/Documents/Daus/SIB Dicoding/Capstone/kasa-talk-api-v1/src/middleware/index.js
- /Users/muh.firdaus/Documents/Daus/SIB Dicoding/Capstone/kasa-talk-api-v1/src/index.js
Error: Cannot find module '../config/firebase.config'
Require stack:
- /Users/muh.firdaus/Documents/Daus/SIB Dicoding/Capstone/kasa-talk-api-v1/src/middleware/multer.js
- /Users/muh.firdaus/Documents/Daus/SIB Dicoding/Capstone/kasa-talk-api-v1/src/controllers/user.controller.js
- /Users/muh.firdaus/Documents/Daus/SIB Dicoding/Capstone/kasa-talk-api-v1/src/routes/user.route.js
- /Users/muh.firdaus/Documents/Daus/SIB Dicoding/Capstone/kasa-talk-api-v1/src/routes/index.js
- /Users/muh.firdaus/Documents/Daus/SIB Dicoding/Capstone/kasa-talk-api-v1/src/middleware/index.js
- /Users/muh.firdaus/Documents/Daus/SIB Dicoding/Capstone/kasa-talk-api-v1/src/index.js
    at Module._resolveFilename (node:internal/modules/cjs/loader:1077:15)
    at Module._load (node:internal/modules/cjs/loader:922:27)
    at Module.require (node:internal/modules/cjs/loader:1143:19)
    at require (node:internal/modules/cjs/helpers:119:18)
    at Object.<anonymous> (/Users/muh.firdaus/Documents/Daus/SIB Dicoding/Capstone/kasa-talk-api-v1/src/middleware/multer.js:2:15)
    at Module._compile (node:internal/modules/cjs/loader:1256:14)
    at Module._extensions..js (node:internal/modules/cjs/loader:1310:10)
    at Module.load (node:internal/modules/cjs/loader:1119:32)
    at Module._load (node:internal/modules/cjs/loader:960:12)
    at Module.require (node:internal/modules/cjs/loader:1143:19)
 [LOGGER] 2024-04-18 06:25:13.021 PM error : uncaughtException: x is not defined
ReferenceError: x is not defined
    at Object.<anonymous> (/Users/muh.firdaus/Documents/Daus/SIB Dicoding/Capstone/kasa-talk-api-v1/src/controllers/user.controller.js:400:1)
    at Module._compile (node:internal/modules/cjs/loader:1256:14)
    at Module._extensions..js (node:internal/modules/cjs/loader:1310:10)
    at Module.load (node:internal/modules/cjs/loader:1119:32)
    at Module._load (node:internal/modules/cjs/loader:960:12)
    at Module.require (node:internal/modules/cjs/loader:1143:19)
    at require (node:internal/modules/cjs/helpers:119:18)
    at Object.<anonymous> (/Users/muh.firdaus/Documents/Daus/SIB Dicoding/Capstone/kasa-talk-api-v1/src/routes/user.route.js:13:5)
    at Module._compile (node:internal/modules/cjs/loader:1256:14)
    at Module._extensions..js (node:internal/modules/cjs/loader:1310:10)
 [LOGGER] 2024-04-18 06:25:15.285 PM error : uncaughtException: updateUser is not defined
ReferenceError: updateUser is not defined
    at Object.<anonymous> (/Users/muh.firdaus/Documents/Daus/SIB Dicoding/Capstone/kasa-talk-api-v1/src/controllers/user.controller.js:818:3)
    at Module._compile (node:internal/modules/cjs/loader:1256:14)
    at Module._extensions..js (node:internal/modules/cjs/loader:1310:10)
    at Module.load (node:internal/modules/cjs/loader:1119:32)
    at Module._load (node:internal/modules/cjs/loader:960:12)
    at Module.require (node:internal/modules/cjs/loader:1143:19)
    at require (node:internal/modules/cjs/helpers:119:18)
    at Object.<anonymous> (/Users/muh.firdaus/Documents/Daus/SIB Dicoding/Capstone/kasa-talk-api-v1/src/routes/user.route.js:13:5)
    at Module._compile (node:internal/modules/cjs/loader:1256:14)
    at Module._extensions..js (node:internal/modules/cjs/loader:1310:10)
 [LOGGER] 2024-04-18 06:25:22.622 PM error : uncaughtException: Route.patch() requires a callback function but got a [object Undefined]
Error: Route.patch() requires a callback function but got a [object Undefined]
    at Route.<computed> [as patch] (/Users/muh.firdaus/Documents/Daus/SIB Dicoding/Capstone/kasa-talk-api-v1/node_modules/express/lib/router/route.js:211:15)
    at proto.<computed> [as patch] (/Users/muh.firdaus/Documents/Daus/SIB Dicoding/Capstone/kasa-talk-api-v1/node_modules/express/lib/router/index.js:521:19)
    at Object.<anonymous> (/Users/muh.firdaus/Documents/Daus/SIB Dicoding/Capstone/kasa-talk-api-v1/src/routes/user.route.js:34:12)
    at Module._compile (node:internal/modules/cjs/loader:1256:14)
    at Module._extensions..js (node:internal/modules/cjs/loader:1310:10)
    at Module.load (node:internal/modules/cjs/loader:1119:32)
    at Module._load (node:internal/modules/cjs/loader:960:12)
    at Module.require (node:internal/modules/cjs/loader:1143:19)
    at require (node:internal/modules/cjs/helpers:119:18)
    at Object.<anonymous> (/Users/muh.firdaus/Documents/Daus/SIB Dicoding/Capstone/kasa-talk-api-v1/src/routes/index.js:2:20)
 [LOGGER] 2024-04-18 06:27:06.362 PM error : controllers/userController.js:setLogin - Cannot read properties of undefined (reading 'findOne')
 [LOGGER] 2024-04-18 06:33:23.575 PM error : controllers/userController.js:setLogin - Cannot read properties of undefined (reading 'findOne')
 [LOGGER] 2024-04-18 06:33:24.678 PM error : controllers/userController.js:setLogin - Cannot read properties of undefined (reading 'findOne')
 [LOGGER] 2024-04-18 06:33:25.587 PM error : controllers/userController.js:setLogin - Cannot read properties of undefined (reading 'findOne')
 [LOGGER] 2024-04-18 06:33:28.686 PM error : controllers/userController.js:setLogin - Cannot read properties of undefined (reading 'findOne')
 [LOGGER] 2024-04-18 06:33:56.935 PM error : uncaughtException: Cannot read properties of undefined (reading 'name')
TypeError: Cannot read properties of undefined (reading 'name')
    at /Users/muh.firdaus/Documents/Daus/SIB Dicoding/Capstone/kasa-talk-api-v1/src/models/index.js:88:14
    at Array.forEach (<anonymous>)
    at Object.<anonymous> (/Users/muh.firdaus/Documents/Daus/SIB Dicoding/Capstone/kasa-talk-api-v1/src/models/index.js:86:4)
    at Module._compile (node:internal/modules/cjs/loader:1256:14)
    at Module._extensions..js (node:internal/modules/cjs/loader:1310:10)
    at Module.load (node:internal/modules/cjs/loader:1119:32)
    at Module._load (node:internal/modules/cjs/loader:960:12)
    at Module.require (node:internal/modules/cjs/loader:1143:19)
    at require (node:internal/modules/cjs/helpers:119:18)
    at Object.<anonymous> (/Users/muh.firdaus/Documents/Daus/SIB Dicoding/Capstone/kasa-talk-api-v1/src/controllers/user.controller.js:8:35)
